2019-12-24 10:01:28.286  INFO 4800 --- [main] c.h.cancel.HanfuCancelCenterApplication  : Starting HanfuCancelCenterApplication on iZ8vb5lq7zcx56jn12h1ugZ with PID 4800 (/home/hanfu/project/hanfu/hanfu-cancel-center/target/classes started by hanfu in /home/hanfu/project/hanfu/hanfu-cancel-center)
2019-12-24 10:01:28.290  INFO 4800 --- [main] c.h.cancel.HanfuCancelCenterApplication  : No active profile set, falling back to default profiles: default
2019-12-24 10:01:29.444  INFO 4800 --- [main] .s.d.r.c.RepositoryConfigurationDelegate : Multiple Spring Data modules found, entering strict repository configuration mode!
2019-12-24 10:01:29.445  INFO 4800 --- [main] .s.d.r.c.RepositoryConfigurationDelegate : Bootstrapping Spring Data repositories in DEFAULT mode.
2019-12-24 10:01:29.468  INFO 4800 --- [main] .s.d.r.c.RepositoryConfigurationDelegate : Finished Spring Data repository scanning in 15ms. Found 0 repository interfaces.
2019-12-24 10:01:29.566  WARN 4800 --- [main] o.m.s.mapper.ClassPathMapperScanner      : Skipping MapperFactoryBean with name 'cancelMapper' and 'com.hanfu.cancel.dao.CancelMapper' mapperInterface. Bean already defined with the same name!
2019-12-24 10:01:29.566  WARN 4800 --- [main] o.m.s.mapper.ClassPathMapperScanner      : Skipping MapperFactoryBean with name 'cancelRecordMapper' and 'com.hanfu.cancel.dao.CancelRecordMapper' mapperInterface. Bean already defined with the same name!
2019-12-24 10:01:29.566  WARN 4800 --- [main] o.m.s.mapper.ClassPathMapperScanner      : Skipping MapperFactoryBean with name 'cancelsMapper' and 'com.hanfu.cancel.dao.CancelsMapper' mapperInterface. Bean already defined with the same name!
2019-12-24 10:01:29.567  WARN 4800 --- [main] o.m.s.mapper.ClassPathMapperScanner      : Skipping MapperFactoryBean with name 'hfGoodsMapper' and 'com.hanfu.cancel.dao.HfGoodsMapper' mapperInterface. Bean already defined with the same name!
2019-12-24 10:01:29.567  WARN 4800 --- [main] o.m.s.mapper.ClassPathMapperScanner      : Skipping MapperFactoryBean with name 'hfLogMapper' and 'com.hanfu.cancel.dao.HfLogMapper' mapperInterface. Bean already defined with the same name!
2019-12-24 10:01:29.567  WARN 4800 --- [main] o.m.s.mapper.ClassPathMapperScanner      : Skipping MapperFactoryBean with name 'hfOrdersDetailMapper' and 'com.hanfu.cancel.dao.HfOrdersDetailMapper' mapperInterface. Bean already defined with the same name!
2019-12-24 10:01:29.567  WARN 4800 --- [main] o.m.s.mapper.ClassPathMapperScanner      : Skipping MapperFactoryBean with name 'hfOrdersMapper' and 'com.hanfu.cancel.dao.HfOrdersMapper' mapperInterface. Bean already defined with the same name!
2019-12-24 10:01:29.567  WARN 4800 --- [main] o.m.s.mapper.ClassPathMapperScanner      : Skipping MapperFactoryBean with name 'hfPriceMapper' and 'com.hanfu.cancel.dao.HfPriceMapper' mapperInterface. Bean already defined with the same name!
2019-12-24 10:01:29.567  WARN 4800 --- [main] o.m.s.mapper.ClassPathMapperScanner      : Skipping MapperFactoryBean with name 'hfUserMapper' and 'com.hanfu.cancel.dao.HfUserMapper' mapperInterface. Bean already defined with the same name!
2019-12-24 10:01:29.567  WARN 4800 --- [main] o.m.s.mapper.ClassPathMapperScanner      : No MyBatis mapper was found in '[com.hanfu.cancel]' package. Please check your configuration.
2019-12-24 10:01:29.857  INFO 4800 --- [main] trationDelegate$BeanPostProcessorChecker : Bean 'org.springframework.transaction.annotation.ProxyTransactionManagementConfiguration' of type [org.springframework.transaction.annotation.ProxyTransactionManagementConfiguration$$EnhancerBySpringCGLIB$$5280424a] is not eligible for getting processed by all BeanPostProcessors (for example: not eligible for auto-proxying)
2019-12-24 10:01:30.116  INFO 4800 --- [main] o.s.b.w.embedded.tomcat.TomcatWebServer  : Tomcat initialized with port(s): 9901 (http)
2019-12-24 10:01:30.147  INFO 4800 --- [main] o.apache.catalina.core.StandardService   : Starting service [Tomcat]
2019-12-24 10:01:30.148  INFO 4800 --- [main] org.apache.catalina.core.StandardEngine  : Starting Servlet engine: [Apache Tomcat/9.0.22]
2019-12-24 10:01:30.279  INFO 4800 --- [main] o.a.c.c.C.[Tomcat].[localhost].[/]       : Initializing Spring embedded WebApplicationContext
2019-12-24 10:01:30.280  INFO 4800 --- [main] o.s.web.context.ContextLoader            : Root WebApplicationContext: initialization completed in 1947 ms
2019-12-24 10:01:31.626  INFO 4800 --- [main] o.s.b.a.e.web.EndpointLinksResolver      : Exposing 16 endpoint(s) beneath base path '/actuator'
2019-12-24 10:01:31.691  INFO 4800 --- [main] pertySourcedRequestMappingHandlerMapping : Mapped URL path [/v2/api-docs] onto method [public org.springframework.http.ResponseEntity<springfox.documentation.spring.web.json.Json> springfox.documentation.swagger2.web.Swagger2Controller.getDocumentation(java.lang.String,javax.servlet.http.HttpServletRequest)]
2019-12-24 10:01:31.916  INFO 4800 --- [main] o.s.s.concurrent.ThreadPoolTaskExecutor  : Initializing ExecutorService 'applicationTaskExecutor'
2019-12-24 10:01:31.990  WARN 4800 --- [main] ion$DefaultTemplateResolverConfiguration : Cannot find template location: classpath:/templates/ (please add some templates or check your Thymeleaf configuration)
2019-12-24 10:01:32.218  INFO 4800 --- [main] o.s.s.c.ThreadPoolTaskScheduler          : Initializing ExecutorService 'taskScheduler'
2019-12-24 10:01:32.325  INFO 4800 --- [main] d.s.w.p.DocumentationPluginsBootstrapper : Context refreshed
2019-12-24 10:01:32.336  INFO 4800 --- [main] d.s.w.p.DocumentationPluginsBootstrapper : Found 1 custom documentation plugin(s)
2019-12-24 10:01:32.359  INFO 4800 --- [main] s.d.s.w.s.ApiListingReferenceScanner     : Scanning for api listing references
2019-12-24 10:01:32.526  INFO 4800 --- [main] o.s.b.w.embedded.tomcat.TomcatWebServer  : Tomcat started on port(s): 9901 (http) with context path ''
2019-12-24 10:01:32.530  INFO 4800 --- [main] c.h.cancel.HanfuCancelCenterApplication  : Started HanfuCancelCenterApplication in 4.663 seconds (JVM running for 5.118)
