2019-12-27 16:08:18.669  INFO 46040 --- [main] c.h.p.center.AppletNewPayApplication     : Starting AppletNewPayApplication on DESKTOP-43SKEQG with PID 46040 (D:\hanfu\hanfu\hanfu-zslpayment-center\target\classes started by 123 in D:\hanfu\hanfu\hanfu-zslpayment-center)
2019-12-27 16:08:18.678  INFO 46040 --- [main] c.h.p.center.AppletNewPayApplication     : No active profile set, falling back to default profiles: default
2019-12-27 16:08:22.666  INFO 46040 --- [main] o.s.b.w.embedded.tomcat.TomcatWebServer  : Tomcat initialized with port(s): 9099 (http)
2019-12-27 16:08:22.733  INFO 46040 --- [main] o.apache.catalina.core.StandardService   : Starting service [Tomcat]
2019-12-27 16:08:22.733  INFO 46040 --- [main] org.apache.catalina.core.StandardEngine  : Starting Servlet engine: [Apache Tomcat/9.0.22]
2019-12-27 16:08:23.114  INFO 46040 --- [main] o.a.c.c.C.[Tomcat].[localhost].[/]       : Initializing Spring embedded WebApplicationContext
2019-12-27 16:08:23.115  INFO 46040 --- [main] o.s.web.context.ContextLoader            : Root WebApplicationContext: initialization completed in 4329 ms
2019-12-27 16:08:23.733  INFO 46040 --- [main] o.s.s.concurrent.ThreadPoolTaskExecutor  : Initializing ExecutorService 'applicationTaskExecutor'
2019-12-27 16:08:24.078  INFO 46040 --- [main] o.s.s.c.ThreadPoolTaskScheduler          : Initializing ExecutorService 'taskScheduler'
2019-12-27 16:08:24.333  INFO 46040 --- [main] o.s.b.w.embedded.tomcat.TomcatWebServer  : Tomcat started on port(s): 9099 (http) with context path ''
2019-12-27 16:08:24.348  INFO 46040 --- [main] c.h.p.center.AppletNewPayApplication     : Started AppletNewPayApplication in 7.054 seconds (JVM running for 8.268)
2019-12-27 16:09:29.164  INFO 46040 --- [http-nio-9099-exec-3] o.a.c.c.C.[Tomcat].[localhost].[/]       : Initializing Spring DispatcherServlet 'dispatcherServlet'
2019-12-27 16:09:29.167  INFO 46040 --- [http-nio-9099-exec-3] o.s.web.servlet.DispatcherServlet        : Initializing Servlet 'dispatcherServlet'
2019-12-27 16:09:29.200  INFO 46040 --- [http-nio-9099-exec-3] o.s.web.servlet.DispatcherServlet        : Completed initialization in 33 ms
2019-12-27 16:10:39.664  INFO 19440 --- [main] c.h.p.center.AppletNewPayApplication     : Starting AppletNewPayApplication on DESKTOP-43SKEQG with PID 19440 (D:\hanfu\hanfu\hanfu-zslpayment-center\target\classes started by 123 in D:\hanfu\hanfu\hanfu-zslpayment-center)
2019-12-27 16:10:39.673  INFO 19440 --- [main] c.h.p.center.AppletNewPayApplication     : No active profile set, falling back to default profiles: default
2019-12-27 16:10:43.847  INFO 19440 --- [main] o.s.b.w.embedded.tomcat.TomcatWebServer  : Tomcat initialized with port(s): 9099 (http)
2019-12-27 16:10:43.990  INFO 19440 --- [main] o.apache.catalina.core.StandardService   : Starting service [Tomcat]
2019-12-27 16:10:43.991  INFO 19440 --- [main] org.apache.catalina.core.StandardEngine  : Starting Servlet engine: [Apache Tomcat/9.0.22]
2019-12-27 16:10:44.728  INFO 19440 --- [main] o.a.c.c.C.[Tomcat].[localhost].[/]       : Initializing Spring embedded WebApplicationContext
2019-12-27 16:10:44.729  INFO 19440 --- [main] o.s.web.context.ContextLoader            : Root WebApplicationContext: initialization completed in 4928 ms
2019-12-27 16:10:45.780  INFO 19440 --- [main] o.s.s.concurrent.ThreadPoolTaskExecutor  : Initializing ExecutorService 'applicationTaskExecutor'
2019-12-27 16:10:46.335  INFO 19440 --- [main] o.s.s.c.ThreadPoolTaskScheduler          : Initializing ExecutorService 'taskScheduler'
2019-12-27 16:10:46.619  INFO 19440 --- [main] o.s.b.w.embedded.tomcat.TomcatWebServer  : Tomcat started on port(s): 9099 (http) with context path ''
2019-12-27 16:10:46.628  INFO 19440 --- [main] c.h.p.center.AppletNewPayApplication     : Started AppletNewPayApplication in 8.292 seconds (JVM running for 9.544)
2019-12-27 16:10:51.485  INFO 19440 --- [http-nio-9099-exec-4] o.a.c.c.C.[Tomcat].[localhost].[/]       : Initializing Spring DispatcherServlet 'dispatcherServlet'
2019-12-27 16:10:51.485  INFO 19440 --- [http-nio-9099-exec-4] o.s.web.servlet.DispatcherServlet        : Initializing Servlet 'dispatcherServlet'
2019-12-27 16:10:51.551  INFO 19440 --- [http-nio-9099-exec-4] o.s.web.servlet.DispatcherServlet        : Completed initialization in 64 ms
2019-12-30 09:27:26.825  INFO 39368 --- [main] c.h.p.center.AppletNewPayApplication     : Starting AppletNewPayApplication on DESKTOP-43SKEQG with PID 39368 (D:\hanfu\hanfu\hanfu-zslpayment-center\target\classes started by 123 in D:\hanfu\hanfu\hanfu-zslpayment-center)
2019-12-30 09:27:26.852  INFO 39368 --- [main] c.h.p.center.AppletNewPayApplication     : No active profile set, falling back to default profiles: default
2019-12-30 09:27:29.390  INFO 39368 --- [main] o.s.b.w.embedded.tomcat.TomcatWebServer  : Tomcat initialized with port(s): 9099 (http)
2019-12-30 09:27:29.455  INFO 39368 --- [main] o.apache.catalina.core.StandardService   : Starting service [Tomcat]
2019-12-30 09:27:29.456  INFO 39368 --- [main] org.apache.catalina.core.StandardEngine  : Starting Servlet engine: [Apache Tomcat/9.0.22]
2019-12-30 09:27:29.801  INFO 39368 --- [main] o.a.c.c.C.[Tomcat].[localhost].[/]       : Initializing Spring embedded WebApplicationContext
2019-12-30 09:27:29.801  INFO 39368 --- [main] o.s.web.context.ContextLoader            : Root WebApplicationContext: initialization completed in 2810 ms
2019-12-30 09:27:30.517  INFO 39368 --- [main] o.s.s.concurrent.ThreadPoolTaskExecutor  : Initializing ExecutorService 'applicationTaskExecutor'
2019-12-30 09:27:30.841  INFO 39368 --- [main] o.s.s.c.ThreadPoolTaskScheduler          : Initializing ExecutorService 'taskScheduler'
2019-12-30 09:27:31.074  INFO 39368 --- [main] o.s.b.w.embedded.tomcat.TomcatWebServer  : Tomcat started on port(s): 9099 (http) with context path ''
2019-12-30 09:27:31.083  INFO 39368 --- [main] c.h.p.center.AppletNewPayApplication     : Started AppletNewPayApplication in 5.27 seconds (JVM running for 5.993)
2019-12-30 09:28:04.821  INFO 39368 --- [http-nio-9099-exec-1] o.a.c.c.C.[Tomcat].[localhost].[/]       : Initializing Spring DispatcherServlet 'dispatcherServlet'
2019-12-30 09:28:04.822  INFO 39368 --- [http-nio-9099-exec-1] o.s.web.servlet.DispatcherServlet        : Initializing Servlet 'dispatcherServlet'
2019-12-30 09:28:04.852  INFO 39368 --- [http-nio-9099-exec-1] o.s.web.servlet.DispatcherServlet        : Completed initialization in 30 ms
2019-12-31 09:17:22.860  INFO 46988 --- [main] c.h.p.center.AppletNewPayApplication     : Starting AppletNewPayApplication on DESKTOP-43SKEQG with PID 46988 (D:\hanfu\hanfu\hanfu-zslpayment-center\target\classes started by 123 in D:\hanfu\hanfu\hanfu-zslpayment-center)
2019-12-31 09:17:22.863  INFO 46988 --- [main] c.h.p.center.AppletNewPayApplication     : No active profile set, falling back to default profiles: default
2019-12-31 09:17:25.358  INFO 46988 --- [main] o.s.b.w.embedded.tomcat.TomcatWebServer  : Tomcat initialized with port(s): 9099 (http)
2019-12-31 09:17:25.411  INFO 46988 --- [main] o.apache.catalina.core.StandardService   : Starting service [Tomcat]
2019-12-31 09:17:25.411  INFO 46988 --- [main] org.apache.catalina.core.StandardEngine  : Starting Servlet engine: [Apache Tomcat/9.0.22]
2019-12-31 09:17:25.714  INFO 46988 --- [main] o.a.c.c.C.[Tomcat].[localhost].[/]       : Initializing Spring embedded WebApplicationContext
2019-12-31 09:17:25.717  INFO 46988 --- [main] o.s.web.context.ContextLoader            : Root WebApplicationContext: initialization completed in 2770 ms
2019-12-31 09:17:26.197  INFO 46988 --- [main] o.s.s.concurrent.ThreadPoolTaskExecutor  : Initializing ExecutorService 'applicationTaskExecutor'
2019-12-31 09:17:26.447  INFO 46988 --- [main] o.s.s.c.ThreadPoolTaskScheduler          : Initializing ExecutorService 'taskScheduler'
2019-12-31 09:17:26.626  INFO 46988 --- [main] o.s.b.w.embedded.tomcat.TomcatWebServer  : Tomcat started on port(s): 9099 (http) with context path ''
2019-12-31 09:17:26.630  INFO 46988 --- [main] c.h.p.center.AppletNewPayApplication     : Started AppletNewPayApplication in 4.502 seconds (JVM running for 5.161)
2019-12-31 09:17:58.250  INFO 46988 --- [http-nio-9099-exec-1] o.a.c.c.C.[Tomcat].[localhost].[/]       : Initializing Spring DispatcherServlet 'dispatcherServlet'
2019-12-31 09:17:58.253  INFO 46988 --- [http-nio-9099-exec-1] o.s.web.servlet.DispatcherServlet        : Initializing Servlet 'dispatcherServlet'
2019-12-31 09:17:58.280  INFO 46988 --- [http-nio-9099-exec-1] o.s.web.servlet.DispatcherServlet        : Completed initialization in 24 ms
