[INFO] Scanning for projects...
[WARNING] 
[WARNING] Some problems were encountered while building the effective model for com.hanfu.product.center:hanfu-product-center:jar:0.0.1
[WARNING] 'dependencies.dependency.(groupId:artifactId:type:classifier)' must be unique: org.mybatis.spring.boot:mybatis-spring-boot-starter:jar -> duplicate declaration of version 2.1.0 @ line 150, column 15
[WARNING] 'build.plugins.plugin.(groupId:artifactId)' must be unique but found duplicate declaration of plugin org.springframework.boot:spring-boot-maven-plugin @ line 53, column 12
[WARNING] 'build.plugins.plugin.version' for org.springframework.boot:spring-boot-maven-plugin is missing. @ line 53, column 12
[WARNING] 
[WARNING] It is highly recommended to fix these problems because they threaten the stability of your build.
[WARNING] 
[WARNING] For this reason, future Maven versions might no longer support building such malformed projects.
[WARNING] 
[INFO] 
[INFO] -----------< com.hanfu.product.center:hanfu-product-center >------------
[INFO] Building hanfu-product-center 0.0.1
[INFO] --------------------------------[ jar ]---------------------------------
[INFO] 
[INFO] >>> spring-boot-maven-plugin:2.2.1.RELEASE:run (default-cli) > test-compile @ hanfu-product-center >>>
[INFO] 
[INFO] --- spring-boot-maven-plugin:2.2.1.RELEASE:build-info (default) @ hanfu-product-center ---
[INFO] 
[INFO] --- maven-resources-plugin:2.6:resources (default-resources) @ hanfu-product-center ---
[WARNING] Using platform encoding (UTF-8 actually) to copy filtered resources, i.e. build is platform dependent!
[INFO] Copying 26 resources
[INFO] 
[INFO] --- maven-compiler-plugin:3.1:compile (default-compile) @ hanfu-product-center ---
[INFO] Changes detected - recompiling the module!
[WARNING] File encoding has not been set, using platform encoding UTF-8, i.e. build is platform dependent!
[INFO] Compiling 104 source files to /home/hanfu/project/hanfu/hanfu-product-center/target/classes
[INFO] 
[INFO] --- maven-resources-plugin:2.6:testResources (default-testResources) @ hanfu-product-center ---
[WARNING] Using platform encoding (UTF-8 actually) to copy filtered resources, i.e. build is platform dependent!
[INFO] skip non existing resourceDirectory /home/hanfu/project/hanfu/hanfu-product-center/src/test/resources
[INFO] 
[INFO] --- maven-compiler-plugin:3.1:testCompile (default-testCompile) @ hanfu-product-center ---
[INFO] No sources to compile
[INFO] 
[INFO] <<< spring-boot-maven-plugin:2.2.1.RELEASE:run (default-cli) < test-compile @ hanfu-product-center <<<
[INFO] 
[INFO] 
[INFO] --- spring-boot-maven-plugin:2.2.1.RELEASE:run (default-cli) @ hanfu-product-center ---
[INFO] Attaching agents: []
SLF4J: Class path contains multiple SLF4J bindings.
SLF4J: Found binding in [jar:file:/home/hanfu/.m2/repository/ch/qos/logback/logback-classic/1.2.3/logback-classic-1.2.3.jar!/org/slf4j/impl/StaticLoggerBinder.class]
SLF4J: Found binding in [jar:file:/home/hanfu/.m2/repository/org/slf4j/slf4j-log4j12/1.7.26/slf4j-log4j12-1.7.26.jar!/org/slf4j/impl/StaticLoggerBinder.class]
SLF4J: Found binding in [jar:file:/home/hanfu/.m2/repository/org/apache/logging/log4j/log4j-slf4j-impl/2.11.2/log4j-slf4j-impl-2.11.2.jar!/org/slf4j/impl/StaticLoggerBinder.class]
SLF4J: See http://www.slf4j.org/codes.html#multiple_bindings for an explanation.
SLF4J: Actual binding is of type [ch.qos.logback.classic.util.ContextSelectorStaticBinder]
log4j:WARN No appenders could be found for logger (org.apache.dubbo.common.logger.LoggerFactory).
log4j:WARN Please initialize the log4j system properly.
log4j:WARN See http://logging.apache.org/log4j/1.2/faq.html#noconfig for more info.
2019-12-23 16:45:11.683  INFO 11723 --- [           main] d.s.b.c.e.WelcomeLogoApplicationListener : 

 :: Dubbo Spring Boot (v2.7.3) : https://github.com/apache/dubbo-spring-boot-project
 :: Dubbo (v2.7.3) : https://github.com/apache/incubator-dubbo
 :: Discuss group : dev@dubbo.apache.org

2019-12-23 16:45:11.687  INFO 11723 --- [           main] e.OverrideDubboConfigApplicationListener : Dubbo Config was overridden by externalized configuration {dubbo.application.name=hanfu-product-center, dubbo.application.qos-enable=false, dubbo.config.multiple=true, dubbo.metadata-report.address=zookeeper://47.105.72.216:2181, dubbo.protocol.id=dubbo, dubbo.protocol.name=dubbo, dubbo.protocol.port=1900, dubbo.provider.server=netty4, dubbo.registry.address=47.105.72.216:2181, dubbo.registry.client=curator, dubbo.registry.id=dubboProductServer, dubbo.registry.protocol=zookeeper}

  .   ____          _            __ _ _
 /\\ / ___'_ __ _ _(_)_ __  __ _ \ \ \ \
( ( )\___ | '_ | '_| | '_ \/ _` | \ \ \ \
 \\/  ___)| |_)| | | | | || (_| |  ) ) ) )
  '  |____| .__|_| |_|_| |_\__, | / / / /
 =========|_|==============|___/=/_/_/_/
 :: Spring Boot ::        (v2.1.7.RELEASE)

2019-12-23 16:45:11.771  INFO 11723 --- [           main] com.hanfu.product.center.Application     : Starting Application on iZ8vb5lq7zcx56jn12h1ugZ with PID 11723 (/home/hanfu/project/hanfu/hanfu-product-center/target/classes started by hanfu in /home/hanfu/project/hanfu/hanfu-product-center)
2019-12-23 16:45:11.772  INFO 11723 --- [           main] com.hanfu.product.center.Application     : No active profile set, falling back to default profiles: default
2019-12-23 16:45:12.544  INFO 11723 --- [           main] .a.d.c.s.c.a.DubboConfigBindingRegistrar : The dubbo config bean definition [name : org.apache.dubbo.config.ApplicationConfig#0, class : org.apache.dubbo.config.ApplicationConfig] has been registered.
2019-12-23 16:45:12.545  INFO 11723 --- [           main] .a.d.c.s.c.a.DubboConfigBindingRegistrar : The BeanPostProcessor bean definition [org.apache.dubbo.config.spring.beans.factory.annotation.DubboConfigBindingBeanPostProcessor] for dubbo config bean [name : org.apache.dubbo.config.ApplicationConfig#0] has been registered.
2019-12-23 16:45:12.545  INFO 11723 --- [           main] .a.d.c.s.c.a.DubboConfigBindingRegistrar : The dubbo config bean definition [name : dubboProductServer, class : org.apache.dubbo.config.RegistryConfig] has been registered.
2019-12-23 16:45:12.545  INFO 11723 --- [           main] .a.d.c.s.c.a.DubboConfigBindingRegistrar : The BeanPostProcessor bean definition [org.apache.dubbo.config.spring.beans.factory.annotation.DubboConfigBindingBeanPostProcessor] for dubbo config bean [name : dubboProductServer] has been registered.
2019-12-23 16:45:12.546  INFO 11723 --- [           main] .a.d.c.s.c.a.DubboConfigBindingRegistrar : The dubbo config bean definition [name : dubbo, class : org.apache.dubbo.config.ProtocolConfig] has been registered.
2019-12-23 16:45:12.546  INFO 11723 --- [           main] .a.d.c.s.c.a.DubboConfigBindingRegistrar : The BeanPostProcessor bean definition [org.apache.dubbo.config.spring.beans.factory.annotation.DubboConfigBindingBeanPostProcessor] for dubbo config bean [name : dubbo] has been registered.
2019-12-23 16:45:12.546  INFO 11723 --- [           main] .a.d.c.s.c.a.DubboConfigBindingRegistrar : The dubbo config bean definition [name : org.apache.dubbo.config.ProviderConfig#0, class : org.apache.dubbo.config.ProviderConfig] has been registered.
2019-12-23 16:45:12.546  INFO 11723 --- [           main] .a.d.c.s.c.a.DubboConfigBindingRegistrar : The BeanPostProcessor bean definition [org.apache.dubbo.config.spring.beans.factory.annotation.DubboConfigBindingBeanPostProcessor] for dubbo config bean [name : org.apache.dubbo.config.ProviderConfig#0] has been registered.
2019-12-23 16:45:12.547  INFO 11723 --- [           main] .a.d.c.s.c.a.DubboConfigBindingRegistrar : The dubbo config bean definition [name : org.apache.dubbo.config.MetadataReportConfig#0, class : org.apache.dubbo.config.MetadataReportConfig] has been registered.
2019-12-23 16:45:12.547  INFO 11723 --- [           main] .a.d.c.s.c.a.DubboConfigBindingRegistrar : The BeanPostProcessor bean definition [org.apache.dubbo.config.spring.beans.factory.annotation.DubboConfigBindingBeanPostProcessor] for dubbo config bean [name : org.apache.dubbo.config.MetadataReportConfig#0] has been registered.
2019-12-23 16:45:12.817  INFO 11723 --- [           main] trationDelegate$BeanPostProcessorChecker : Bean 'org.springframework.transaction.annotation.ProxyTransactionManagementConfiguration' of type [org.springframework.transaction.annotation.ProxyTransactionManagementConfiguration$$EnhancerBySpringCGLIB$$232e9a76] is not eligible for getting processed by all BeanPostProcessors (for example: not eligible for auto-proxying)
2019-12-23 16:45:12.850  INFO 11723 --- [           main] trationDelegate$BeanPostProcessorChecker : Bean 'org.apache.dubbo.spring.boot.autoconfigure.DubboRelaxedBinding2AutoConfiguration' of type [org.apache.dubbo.spring.boot.autoconfigure.DubboRelaxedBinding2AutoConfiguration$$EnhancerBySpringCGLIB$$e1dce8ac] is not eligible for getting processed by all BeanPostProcessors (for example: not eligible for auto-proxying)
2019-12-23 16:45:12.855  INFO 11723 --- [           main] trationDelegate$BeanPostProcessorChecker : Bean 'relaxedDubboConfigBinder' of type [org.apache.dubbo.spring.boot.autoconfigure.BinderDubboConfigBinder] is not eligible for getting processed by all BeanPostProcessors (for example: not eligible for auto-proxying)
2019-12-23 16:45:12.860  INFO 11723 --- [           main] trationDelegate$BeanPostProcessorChecker : Bean 'relaxedDubboConfigBinder' of type [org.apache.dubbo.spring.boot.autoconfigure.BinderDubboConfigBinder] is not eligible for getting processed by all BeanPostProcessors (for example: not eligible for auto-proxying)
2019-12-23 16:45:12.863  INFO 11723 --- [           main] trationDelegate$BeanPostProcessorChecker : Bean 'relaxedDubboConfigBinder' of type [org.apache.dubbo.spring.boot.autoconfigure.BinderDubboConfigBinder] is not eligible for getting processed by all BeanPostProcessors (for example: not eligible for auto-proxying)
2019-12-23 16:45:12.865  INFO 11723 --- [           main] trationDelegate$BeanPostProcessorChecker : Bean 'relaxedDubboConfigBinder' of type [org.apache.dubbo.spring.boot.autoconfigure.BinderDubboConfigBinder] is not eligible for getting processed by all BeanPostProcessors (for example: not eligible for auto-proxying)
2019-12-23 16:45:12.868  INFO 11723 --- [           main] trationDelegate$BeanPostProcessorChecker : Bean 'relaxedDubboConfigBinder' of type [org.apache.dubbo.spring.boot.autoconfigure.BinderDubboConfigBinder] is not eligible for getting processed by all BeanPostProcessors (for example: not eligible for auto-proxying)
2019-12-23 16:45:13.095  INFO 11723 --- [           main] o.s.b.w.embedded.tomcat.TomcatWebServer  : Tomcat initialized with port(s): 9095 (http)
2019-12-23 16:45:13.120  INFO 11723 --- [           main] o.apache.catalina.core.StandardService   : Starting service [Tomcat]
2019-12-23 16:45:13.120  INFO 11723 --- [           main] org.apache.catalina.core.StandardEngine  : Starting Servlet engine: [Apache Tomcat/9.0.22]
2019-12-23 16:45:13.192  INFO 11723 --- [           main] o.a.c.c.C.[Tomcat].[localhost].[/]       : Initializing Spring embedded WebApplicationContext
2019-12-23 16:45:13.193  INFO 11723 --- [           main] o.s.web.context.ContextLoader            : Root WebApplicationContext: initialization completed in 1369 ms
2019-12-23 16:45:14.200  INFO 11723 --- [           main] pertySourcedRequestMappingHandlerMapping : Mapped URL path [/v2/api-docs] onto method [public org.springframework.http.ResponseEntity<springfox.documentation.spring.web.json.Json> springfox.documentation.swagger2.web.Swagger2Controller.getDocumentation(java.lang.String,javax.servlet.http.HttpServletRequest)]
2019-12-23 16:45:14.390  INFO 11723 --- [           main] o.s.s.concurrent.ThreadPoolTaskExecutor  : Initializing ExecutorService 'applicationTaskExecutor'
2019-12-23 16:45:14.513  INFO 11723 --- [           main] .f.a.DubboConfigBindingBeanPostProcessor : The properties of bean [name : org.apache.dubbo.config.ApplicationConfig#0] have been binding by prefix of configuration properties : dubbo.application
2019-12-23 16:45:14.518  INFO 11723 --- [           main] .f.a.DubboConfigBindingBeanPostProcessor : The properties of bean [name : dubboProductServer] have been binding by prefix of configuration properties : dubbo.registry
2019-12-23 16:45:14.523  INFO 11723 --- [           main] .f.a.DubboConfigBindingBeanPostProcessor : The properties of bean [name : dubbo] have been binding by prefix of configuration properties : dubbo.protocol
2019-12-23 16:45:14.535  INFO 11723 --- [           main] .f.a.DubboConfigBindingBeanPostProcessor : The properties of bean [name : org.apache.dubbo.config.ProviderConfig#0] have been binding by prefix of configuration properties : dubbo.provider
2019-12-23 16:45:14.540  INFO 11723 --- [           main] .f.a.DubboConfigBindingBeanPostProcessor : The properties of bean [name : org.apache.dubbo.config.MetadataReportConfig#0] have been binding by prefix of configuration properties : dubbo.metadata-report
WARNING: An illegal reflective access operation has occurred
WARNING: Illegal reflective access by javassist.ClassPool (file:/home/hanfu/.m2/repository/org/javassist/javassist/3.20.0-GA/javassist-3.20.0-GA.jar) to method java.lang.ClassLoader.defineClass(java.lang.String,byte[],int,int,java.security.ProtectionDomain)
WARNING: Please consider reporting this to the maintainers of javassist.ClassPool
WARNING: Use --illegal-access=warn to enable warnings of further illegal reflective access operations
WARNING: All illegal access operations will be denied in a future release
2019-12-23 16:45:14.921  INFO 11723 --- [           main] d.s.w.p.DocumentationPluginsBootstrapper : Context refreshed
2019-12-23 16:45:14.933  INFO 11723 --- [           main] d.s.w.p.DocumentationPluginsBootstrapper : Found 1 custom documentation plugin(s)
2019-12-23 16:45:14.956  INFO 11723 --- [           main] s.d.s.w.s.ApiListingReferenceScanner     : Scanning for api listing references
2019-12-23 16:45:15.158  INFO 11723 --- [           main] .d.s.w.r.o.CachingOperationNameGenerator : Generating unique operation named: listProductUsingGET_1
2019-12-23 16:45:15.170  INFO 11723 --- [           main] .d.s.w.r.o.CachingOperationNameGenerator : Generating unique operation named: addProductInfoUsingPOST_1
2019-12-23 16:45:15.242  INFO 11723 --- [           main] org.apache.zookeeper.ZooKeeper           : Client environment:zookeeper.version=3.5.5-390fe37ea45dee01bf87dc1c042b5e3dcce88653, built on 05/03/2019 12:07 GMT
2019-12-23 16:45:15.242  INFO 11723 --- [           main] org.apache.zookeeper.ZooKeeper           : Client environment:host.name=iZ8vb5lq7zcx56jn12h1ugZ
2019-12-23 16:45:15.243  INFO 11723 --- [           main] org.apache.zookeeper.ZooKeeper           : Client environment:java.version=11.0.5
2019-12-23 16:45:15.243  INFO 11723 --- [           main] org.apache.zookeeper.ZooKeeper           : Client environment:java.vendor=Oracle Corporation
2019-12-23 16:45:15.243  INFO 11723 --- [           main] org.apache.zookeeper.ZooKeeper           : Client environment:java.home=/usr/lib/jvm/java-11-openjdk-11.0.5.10-0.el7_7.x86_64
2019-12-23 16:45:15.243  INFO 11723 --- [           main] org.apache.zookeeper.ZooKeeper           : Client environment:java.class.path=/home/hanfu/project/hanfu/hanfu-product-center/target/classes:/home/hanfu/.m2/repository/com/github/pagehelper/pagehelper-spring-boot-starter/1.2.5/pagehelper-spring-boot-starter-1.2.5.jar:/home/hanfu/.m2/repository/org/springframework/boot/spring-boot-starter/2.1.7.RELEASE/spring-boot-starter-2.1.7.RELEASE.jar:/home/hanfu/.m2/repository/org/springframework/boot/spring-boot/2.1.7.RELEASE/spring-boot-2.1.7.RELEASE.jar:/home/hanfu/.m2/repository/org/springframework/boot/spring-boot-autoconfigure/2.1.7.RELEASE/spring-boot-autoconfigure-2.1.7.RELEASE.jar:/home/hanfu/.m2/repository/org/springframework/boot/spring-boot-starter-logging/2.1.7.RELEASE/spring-boot-starter-logging-2.1.7.RELEASE.jar:/home/hanfu/.m2/repository/ch/qos/logback/logback-classic/1.2.3/logback-classic-1.2.3.jar:/home/hanfu/.m2/repository/ch/qos/logback/logback-core/1.2.3/logback-core-1.2.3.jar:/home/hanfu/.m2/repository/org/apache/logging/log4j/log4j-to-slf4j/2.11.2/log4j-to-slf4j-2.11.2.jar:/home/hanfu/.m2/repository/javax/annotation/javax.annotation-api/1.3.2/javax.annotation-api-1.3.2.jar:/home/hanfu/.m2/repository/com/github/pagehelper/pagehelper-spring-boot-autoconfigure/1.2.5/pagehelper-spring-boot-autoconfigure-1.2.5.jar:/home/hanfu/.m2/repository/com/github/pagehelper/pagehelper/5.1.4/pagehelper-5.1.4.jar:/home/hanfu/.m2/repository/com/github/jsqlparser/jsqlparser/1.0/jsqlparser-1.0.jar:/home/hanfu/.m2/repository/org/mybatis/spring/boot/mybatis-spring-boot-starter/2.1.0/mybatis-spring-boot-starter-2.1.0.jar:/home/hanfu/.m2/repository/org/springframework/boot/spring-boot-starter-jdbc/2.1.7.RELEASE/spring-boot-starter-jdbc-2.1.7.RELEASE.jar:/home/hanfu/.m2/repository/org/springframework/spring-jdbc/5.1.9.RELEASE/spring-jdbc-5.1.9.RELEASE.jar:/home/hanfu/.m2/repository/org/springframework/spring-tx/5.1.9.RELEASE/spring-tx-5.1.9.RELEASE.jar:/home/hanfu/.m2/repository/org/mybatis/spring/boot/mybatis-spring-boot-autoconfigure/2.1.0/mybatis-spring-boot-autoconfigure-2.1.0.jar:/home/hanfu/.m2/repository/org/mybatis/mybatis/3.5.2/mybatis-3.5.2.jar:/home/hanfu/.m2/repository/org/mybatis/mybatis-spring/2.0.2/mybatis-spring-2.0.2.jar:/home/hanfu/.m2/repository/org/slf4j/slf4j-log4j12/1.7.26/slf4j-log4j12-1.7.26.jar:/home/hanfu/.m2/repository/org/slf4j/slf4j-api/1.7.26/slf4j-api-1.7.26.jar:/home/hanfu/.m2/repository/log4j/log4j/1.2.17/log4j-1.2.17.jar:/home/hanfu/.m2/repository/com/hanfu/common/hanfu-common/0.0.1/hanfu-common-0.0.1.jar:/home/hanfu/.m2/repository/cn/bestwu/fastdfs-client-java/1.27/fastdfs-client-java-1.27.jar:/home/hanfu/.m2/repository/com/hanfu/inner/sdk/hanfu-inner-sdk/0.0.1/hanfu-inner-sdk-0.0.1.jar:/home/hanfu/.m2/repository/com/hanfu/utils/hanfu-web-utils/0.0.1/hanfu-web-utils-0.0.1.jar:/home/hanfu/.m2/repository/org/springframework/boot/spring-boot-starter-web/2.1.7.RELEASE/spring-boot-starter-web-2.1.7.RELEASE.jar:/home/hanfu/.m2/repository/org/springframework/boot/spring-boot-starter-json/2.1.7.RELEASE/spring-boot-starter-json-2.1.7.RELEASE.jar:/home/hanfu/.m2/repository/com/fasterxml/jackson/core/jackson-databind/2.9.9/jackson-databind-2.9.9.jar:/home/hanfu/.m2/repository/com/fasterxml/jackson/datatype/jackson-datatype-jdk8/2.9.9/jackson-datatype-jdk8-2.9.9.jar:/home/hanfu/.m2/repository/com/fasterxml/jackson/datatype/jackson-datatype-jsr310/2.9.9/jackson-datatype-jsr310-2.9.9.jar:/home/hanfu/.m2/repository/com/fasterxml/jackson/module/jackson-module-parameter-names/2.9.9/jackson-module-parameter-names-2.9.9.jar:/home/hanfu/.m2/repository/org/springframework/boot/spring-boot-starter-tomcat/2.1.7.RELEASE/spring-boot-starter-tomcat-2.1.7.RELEASE.jar:/home/hanfu/.m2/repository/org/apache/tomcat/embed/tomcat-embed-core/9.0.22/tomcat-embed-core-9.0.22.jar:/home/hanfu/.m2/repository/org/apache/tomcat/embed/tomcat-embed-el/9.0.22/tomcat-embed-el-9.0.22.jar:/home/hanfu/.m2/repository/org/apache/tomcat/embed/tomcat-embed-websocket/9.0.22/tomcat-embed-websocket-9.0.22.jar:/home/hanfu/.m2/repository/org/hibernate/validator/hibernate-validator/6.0.17.Final/hibernate-validator-6.0.17.Final.jar:/home/hanfu/.m2/repository/javax/validation/validation-api/2.0.1.Final/validation-api-2.0.1.Final.jar:/home/hanfu/.m2/repository/org/jboss/logging/jboss-logging/3.3.2.Final/jboss-logging-3.3.2.Final.jar:/home/hanfu/.m2/repository/org/springframework/spring-web/5.1.9.RELEASE/spring-web-5.1.9.RELEASE.jar:/home/hanfu/.m2/repository/org/springframework/spring-webmvc/5.1.9.RELEASE/spring-webmvc-5.1.9.RELEASE.jar:/home/hanfu/.m2/repository/org/springframework/spring-expression/5.1.9.RELEASE/spring-expression-5.1.9.RELEASE.jar:/home/hanfu/.m2/repository/org/apache/maven/plugins/maven-compiler-plugin/3.8.1/maven-compiler-plugin-3.8.1.jar:/home/hanfu/.m2/repository/org/apache/maven/maven-plugin-api/3.0/maven-plugin-api-3.0.jar:/home/hanfu/.m2/repository/org/apache/maven/maven-model/3.0/maven-model-3.0.jar:/home/hanfu/.m2/repository/org/sonatype/sisu/sisu-inject-plexus/1.4.2/sisu-inject-plexus-1.4.2.jar:/home/hanfu/.m2/repository/org/sonatype/sisu/sisu-inject-bean/1.4.2/sisu-inject-bean-1.4.2.jar:/home/hanfu/.m2/repository/org/sonatype/sisu/sisu-guice/2.1.7/sisu-guice-2.1.7-noaop.jar:/home/hanfu/.m2/repository/org/apache/maven/maven-artifact/3.0/maven-artifact-3.0.jar:/home/hanfu/.m2/repository/org/codehaus/plexus/plexus-utils/2.0.4/plexus-utils-2.0.4.jar:/home/hanfu/.m2/repository/org/apache/maven/maven-core/3.0/maven-core-3.0.jar:/home/hanfu/.m2/repository/org/apache/maven/maven-settings/3.0/maven-settings-3.0.jar:/home/hanfu/.m2/repository/org/apache/maven/maven-settings-builder/3.0/maven-settings-builder-3.0.jar:/home/hanfu/.m2/repository/org/apache/maven/maven-repository-metadata/3.0/maven-repository-metadata-3.0.jar:/home/hanfu/.m2/repository/org/apache/maven/maven-model-builder/3.0/maven-model-builder-3.0.jar:/home/hanfu/.m2/repository/org/apache/maven/maven-aether-provider/3.0/maven-aether-provider-3.0.jar:/home/hanfu/.m2/repository/org/sonatype/aether/aether-impl/1.7/aether-impl-1.7.jar:/home/hanfu/.m2/repository/org/sonatype/aether/aether-spi/1.7/aether-spi-1.7.jar:/home/hanfu/.m2/repository/org/sonatype/aether/aether-api/1.7/aether-api-1.7.jar:/home/hanfu/.m2/repository/org/sonatype/aether/aether-util/1.7/aether-util-1.7.jar:/home/hanfu/.m2/repository/org/codehaus/plexus/plexus-interpolation/1.14/plexus-interpolation-1.14.jar:/home/hanfu/.m2/repository/org/codehaus/plexus/plexus-classworlds/2.2.3/plexus-classworlds-2.2.3.jar:/home/hanfu/.m2/repository/org/codehaus/plexus/plexus-component-annotations/1.5.5/plexus-component-annotations-1.5.5.jar:/home/hanfu/.m2/repository/org/sonatype/plexus/plexus-sec-dispatcher/1.3/plexus-sec-dispatcher-1.3.jar:/home/hanfu/.m2/repository/org/sonatype/plexus/plexus-cipher/1.4/plexus-cipher-1.4.jar:/home/hanfu/.m2/repository/org/apache/maven/shared/maven-shared-utils/3.2.1/maven-shared-utils-3.2.1.jar:/home/hanfu/.m2/repository/commons-io/commons-io/2.5/commons-io-2.5.jar:/home/hanfu/.m2/repository/org/apache/maven/shared/maven-shared-incremental/1.1/maven-shared-incremental-1.1.jar:/home/hanfu/.m2/repository/org/codehaus/plexus/plexus-java/0.9.10/plexus-java-0.9.10.jar:/home/hanfu/.m2/repository/org/ow2/asm/asm/6.2/asm-6.2.jar:/home/hanfu/.m2/repository/com/thoughtworks/qdox/qdox/2.0-M8/qdox-2.0-M8.jar:/home/hanfu/.m2/repository/org/codehaus/plexus/plexus-compiler-api/2.8.4/plexus-compiler-api-2.8.4.jar:/home/hanfu/.m2/repository/org/codehaus/plexus/plexus-compiler-manager/2.8.4/plexus-compiler-manager-2.8.4.jar:/home/hanfu/.m2/repository/org/codehaus/plexus/plexus-compiler-javac/2.8.4/plexus-compiler-javac-2.8.4.jar:/home/hanfu/.m2/repository/org/apache/curator/curator-framework/4.2.0/curator-framework-4.2.0.jar:/home/hanfu/.m2/repository/org/apache/curator/curator-client/4.2.0/curator-client-4.2.0.jar:/home/hanfu/.m2/repository/org/apache/curator/curator-recipes/4.2.0/curator-recipes-4.2.0.jar:/home/hanfu/.m2/repository/org/apache/dubbo/dubbo-remoting-netty4/2.7.3/dubbo-remoting-netty4-2.7.3.jar:/home/hanfu/.m2/repository/org/apache/dubbo/dubbo-remoting-api/2.7.3/dubbo-remoting-api-2.7.3.jar:/home/hanfu/.m2/repository/org/apache/dubbo/dubbo-common/2.7.3/dubbo-common-2.7.3.jar:/home/hanfu/.m2/repository/commons-logging/commons-logging/1.2/commons-logging-1.2.jar:/home/hanfu/.m2/repository/com/alibaba/hessian-lite/3.2.5/hessian-lite-3.2.5.jar:/home/hanfu/.m2/repository/com/esotericsoftware/kryo/4.0.1/kryo-4.0.1.jar:/home/hanfu/.m2/repository/com/esotericsoftware/reflectasm/1.11.3/reflectasm-1.11.3.jar:/home/hanfu/.m2/repository/com/esotericsoftware/minlog/1.3.0/minlog-1.3.0.jar:/home/hanfu/.m2/repository/de/javakaffee/kryo-serializers/0.42/kryo-serializers-0.42.jar:/home/hanfu/.m2/repository/de/ruedigermoeller/fst/2.48-jdk-6/fst-2.48-jdk-6.jar:/home/hanfu/.m2/repository/com/cedarsoftware/java-util/1.9.0/java-util-1.9.0.jar:/home/hanfu/.m2/repository/com/cedarsoftware/json-io/2.5.1/json-io-2.5.1.jar:/home/hanfu/.m2/repository/org/apache/dubbo/dubbo-serialization-api/2.7.3/dubbo-serialization-api-2.7.3.jar:/home/hanfu/.m2/repository/io/netty/netty-all/4.1.38.Final/netty-all-4.1.38.Final.jar:/home/hanfu/.m2/repository/org/apache/zookeeper/zookeeper/3.5.5/zookeeper-3.5.5.jar:/home/hanfu/.m2/repository/org/apache/zookeeper/zookeeper-jute/3.5.5/zookeeper-jute-3.5.5.jar:/home/hanfu/.m2/repository/org/apache/yetus/audience-annotations/0.5.0/audience-annotations-0.5.0.jar:/home/hanfu/.m2/repository/org/apache/dubbo/dubbo-spring-boot-starter/2.7.3/dubbo-spring-boot-starter-2.7.3.jar:/home/hanfu/.m2/repository/org/apache/dubbo/dubbo-spring-boot-autoconfigure/2.7.3/dubbo-spring-boot-autoconfigure-2.7.3.jar:/home/hanfu/.m2/repository/org/apache/dubbo/dubbo-spring-boot-autoconfigure-compatible/2.7.3/dubbo-spring-boot-autoconfigure-compatible-2.7.3.jar:/home/hanfu/.m2/repository/org/apache/dubbo/dubbo/2.7.3/dubbo-2.7.3.jar:/home/hanfu/.m2/repository/org/springframework/spring-context/5.1.9.RELEASE/spring-context-5.1.9.RELEASE.jar:/home/hanfu/.m2/repository/org/javassist/javassist/3.20.0-GA/javassist-3.20.0-GA.jar:/home/hanfu/.m2/repository/com/google/code/gson/gson/2.8.5/gson-2.8.5.jar:/home/hanfu/.m2/repository/org/mybatis/mybatis-typehandlers-jsr310/1.0.2/mybatis-typehandlers-jsr310-1.0.2.jar:/home/hanfu/.m2/repository/com/zaxxer/HikariCP/3.2.0/HikariCP-3.2.0.jar:/home/hanfu/.m2/repository/io/springfox/springfox-swagger2/2.9.2/springfox-swagger2-2.9.2.jar:/home/hanfu/.m2/repository/io/swagger/swagger-annotations/1.5.20/swagger-annotations-1.5.20.jar:/home/hanfu/.m2/repository/io/swagger/swagger-models/1.5.20/swagger-models-1.5.20.jar:/home/hanfu/.m2/repository/com/fasterxml/jackson/core/jackson-annotations/2.9.0/jackson-annotations-2.9.0.jar:/home/hanfu/.m2/repository/io/springfox/springfox-spi/2.9.2/springfox-spi-2.9.2.jar:/home/hanfu/.m2/repository/io/springfox/springfox-core/2.9.2/springfox-core-2.9.2.jar:/home/hanfu/.m2/repository/io/springfox/springfox-schema/2.9.2/springfox-schema-2.9.2.jar:/home/hanfu/.m2/repository/io/springfox/springfox-swagger-common/2.9.2/springfox-swagger-common-2.9.2.jar:/home/hanfu/.m2/repository/io/springfox/springfox-spring-web/2.9.2/springfox-spring-web-2.9.2.jar:/home/hanfu/.m2/repository/com/google/guava/guava/20.0/guava-20.0.jar:/home/hanfu/.m2/repository/com/fasterxml/classmate/1.4.0/classmate-1.4.0.jar:/home/hanfu/.m2/repository/org/springframework/plugin/spring-plugin-core/1.2.0.RELEASE/spring-plugin-core-1.2.0.RELEASE.jar:/home/hanfu/.m2/repository/org/springframework/spring-beans/5.1.9.RELEASE/spring-beans-5.1.9.RELEASE.jar:/home/hanfu/.m2/repository/org/springframework/spring-aop/5.1.9.RELEASE/spring-aop-5.1.9.RELEASE.jar:/home/hanfu/.m2/repository/org/springframework/plugin/spring-plugin-metadata/1.2.0.RELEASE/spring-plugin-metadata-1.2.0.RELEASE.jar:/home/hanfu/.m2/repository/org/mapstruct/mapstruct/1.2.0.Final/mapstruct-1.2.0.Final.jar:/home/hanfu/.m2/repository/io/springfox/springfox-swagger-ui/2.8.0/springfox-swagger-ui-2.8.0.jar:/home/hanfu/.m2/repository/mysql/mysql-connector-java/8.0.17/mysql-connector-java-8.0.17.jar:/home/hanfu/.m2/repository/com/alibaba/fastjson/1.2.59/fastjson-1.2.59.jar:/home/hanfu/.m2/repository/org/springframework/boot/spring-boot-configuration-processor/2.1.7.RELEASE/spring-boot-configuration-processor-2.1.7.RELEASE.jar:/home/hanfu/.m2/repository/org/springframework/boot/spring-boot-starter-log4j2/2.1.7.RELEASE/spring-boot-starter-log4j2-2.1.7.RELEASE.jar:/home/hanfu/.m2/repository/org/apache/logging/log4j/log4j-slf4j-impl/2.11.2/log4j-slf4j-impl-2.11.2.jar:/home/hanfu/.m2/repository/org/apache/logging/log4j/log4j-api/2.11.2/log4j-api-2.11.2.jar:/home/hanfu/.m2/repository/org/apache/logging/log4j/log4j-core/2.11.2/log4j-core-2.11.2.jar:/home/hanfu/.m2/repository/org/apache/logging/log4j/log4j-jul/2.11.2/log4j-jul-2.11.2.jar:/home/hanfu/.m2/repository/org/slf4j/jul-to-slf4j/1.7.26/jul-to-slf4j-1.7.26.jar:/home/hanfu/.m2/repository/com/fasterxml/jackson/dataformat/jackson-dataformat-yaml/2.9.9/jackson-dataformat-yaml-2.9.9.jar:/home/hanfu/.m2/repository/org/yaml/snakeyaml/1.23/snakeyaml-1.23.jar:/home/hanfu/.m2/repository/com/fasterxml/jackson/core/jackson-core/2.9.9/jackson-core-2.9.9.jar:/home/hanfu/.m2/repository/net/bytebuddy/byte-buddy/1.9.16/byte-buddy-1.9.16.jar:/home/hanfu/.m2/repository/org/objenesis/objenesis/2.6/objenesis-2.6.jar:/home/hanfu/.m2/repository/org/springframework/spring-core/5.1.9.RELEASE/spring-core-5.1.9.RELEASE.jar:/home/hanfu/.m2/repository/org/springframework/spring-jcl/5.1.9.RELEASE/spring-jcl-5.1.9.RELEASE.jar
2019-12-23 16:45:15.243  INFO 11723 --- [           main] org.apache.zookeeper.ZooKeeper           : Client environment:java.library.path=/usr/java/packages/lib:/usr/lib64:/lib64:/lib:/usr/lib
2019-12-23 16:45:15.243  INFO 11723 --- [           main] org.apache.zookeeper.ZooKeeper           : Client environment:java.io.tmpdir=/tmp
2019-12-23 16:45:15.243  INFO 11723 --- [           main] org.apache.zookeeper.ZooKeeper           : Client environment:java.compiler=<NA>
2019-12-23 16:45:15.243  INFO 11723 --- [           main] org.apache.zookeeper.ZooKeeper           : Client environment:os.name=Linux
2019-12-23 16:45:15.243  INFO 11723 --- [           main] org.apache.zookeeper.ZooKeeper           : Client environment:os.arch=amd64
2019-12-23 16:45:15.243  INFO 11723 --- [           main] org.apache.zookeeper.ZooKeeper           : Client environment:os.version=3.10.0-862.14.4.el7.x86_64
2019-12-23 16:45:15.243  INFO 11723 --- [           main] org.apache.zookeeper.ZooKeeper           : Client environment:user.name=hanfu
2019-12-23 16:45:15.243  INFO 11723 --- [           main] org.apache.zookeeper.ZooKeeper           : Client environment:user.home=/home/hanfu
2019-12-23 16:45:15.243  INFO 11723 --- [           main] org.apache.zookeeper.ZooKeeper           : Client environment:user.dir=/home/hanfu/project/hanfu/hanfu-product-center
2019-12-23 16:45:15.243  INFO 11723 --- [           main] org.apache.zookeeper.ZooKeeper           : Client environment:os.memory.free=211MB
2019-12-23 16:45:15.243  INFO 11723 --- [           main] org.apache.zookeeper.ZooKeeper           : Client environment:os.memory.max=3972MB
2019-12-23 16:45:15.243  INFO 11723 --- [           main] org.apache.zookeeper.ZooKeeper           : Client environment:os.memory.total=403MB
2019-12-23 16:45:15.244  INFO 11723 --- [           main] org.apache.curator.utils.Compatibility   : Using emulated InjectSessionExpiration
2019-12-23 16:45:15.258  INFO 11723 --- [           main] o.a.c.f.imps.CuratorFrameworkImpl        : Starting
2019-12-23 16:45:15.261  INFO 11723 --- [           main] org.apache.zookeeper.ZooKeeper           : Initiating client connection, connectString=47.105.72.216:2181 sessionTimeout=60000 watcher=org.apache.curator.ConnectionState@3ef089ce
2019-12-23 16:45:15.262  INFO 11723 --- [           main] org.apache.zookeeper.common.X509Util     : Setting -D jdk.tls.rejectClientInitiatedRenegotiation=true to disable client-initiated TLS renegotiation
2019-12-23 16:45:15.266  INFO 11723 --- [           main] org.apache.zookeeper.ClientCnxnSocket    : jute.maxbuffer value is 4194304 Bytes
2019-12-23 16:45:15.269  INFO 11723 --- [           main] org.apache.zookeeper.ClientCnxn          : zookeeper.request.timeout value is 0. feature enabled=
2019-12-23 16:45:15.276  INFO 11723 --- [           main] o.a.c.f.imps.CuratorFrameworkImpl        : Default schema
2019-12-23 16:45:15.331  INFO 11723 --- [05.72.216:2181)] org.apache.zookeeper.ClientCnxn          : Opening socket connection to server 47.105.72.216/47.105.72.216:2181. Will not attempt to authenticate using SASL (unknown error)
2019-12-23 16:45:15.356  INFO 11723 --- [05.72.216:2181)] org.apache.zookeeper.ClientCnxn          : Socket connection established, initiating session, client: /172.26.16.97:44088, server: 47.105.72.216/47.105.72.216:2181
2019-12-23 16:45:15.464  INFO 11723 --- [05.72.216:2181)] org.apache.zookeeper.ClientCnxn          : Session establishment complete on server 47.105.72.216/47.105.72.216:2181, sessionid = 0x10176025d1a006e, negotiated timeout = 40000
2019-12-23 16:45:15.469  INFO 11723 --- [ain-EventThread] o.a.c.f.state.ConnectionStateManager     : State change: CONNECTED
2019-12-23 16:45:15.513  INFO 11723 --- [ain-EventThread] o.a.c.framework.imps.EnsembleTracker     : New config event received: {}
2019-12-23 16:45:15.517  INFO 11723 --- [ain-EventThread] o.a.c.framework.imps.EnsembleTracker     : New config event received: {}
2019-12-23 16:45:16.879  INFO 11723 --- [           main] o.s.b.w.embedded.tomcat.TomcatWebServer  : Tomcat started on port(s): 9095 (http) with context path ''
2019-12-23 16:45:16.883  INFO 11723 --- [           main] com.hanfu.product.center.Application     : Started Application in 5.512 seconds (JVM running for 5.848)
