[INFO] Scanning for projects...
[WARNING] Using platform encoding (UTF-8 actually) to copy filtered resources, i.e. build is platform dependent!
[INFO] skip non existing resourceDirectory /home/hanfu/project/hanfu/hanfu-group-center/src/test/resources
[INFO] 
[INFO] --- maven-compiler-plugin:3.1:testCompile (default-testCompile) @ hanfu-group-center ---
[INFO] No sources to compile
[INFO] 
[INFO] <<< spring-boot-maven-plugin:2.2.1.RELEASE:run (default-cli) < test-compile @ hanfu-group-center <<<
[INFO] 
[INFO] 
[INFO] --- spring-boot-maven-plugin:2.2.1.RELEASE:run (default-cli) @ hanfu-group-center ---
[INFO] Attaching agents: []
Error: Could not find or load main class Application
Caused by: java.lang.ClassNotFoundException: Application
[INFO] ------------------------------------------------------------------------
[INFO] BUILD FAILURE
[INFO] ------------------------------------------------------------------------
[INFO] Total time:  3.898 s
[INFO] Finished at: 2019-12-23T17:31:33+08:00
[INFO] ------------------------------------------------------------------------
[ERROR] Failed to execute goal org.springframework.boot:spring-boot-maven-plugin:2.2.1.RELEASE:run (default-cli) on project hanfu-group-center: Application finished with exit code: 1 -> [Help 1]
[ERROR] 
[ERROR] To see the full stack trace of the errors, re-run Maven with the -e switch.
[ERROR] Re-run Maven using the -X switch to enable full debug logging.
[ERROR] 
[ERROR] For more information about the errors and possible solutions, please read the following articles:
[ERROR] [Help 1] http://cwiki.apache.org/confluence/display/MAVEN/MojoExecutionException
[INFO] Scanning for projects...
[WARNING] 
[WARNING] Some problems were encountered while building the effective model for com.hanfu.group.center:hanfu-group-center:jar:0.0.1-SNAPSHOT
[WARNING] 'dependencies.dependency.(groupId:artifactId:type:classifier)' must be unique: org.mybatis.spring.boot:mybatis-spring-boot-starter:jar -> duplicate declaration of version 2.1.0 @ line 124, column 15
[WARNING] 'build.plugins.plugin.(groupId:artifactId)' must be unique but found duplicate declaration of plugin org.springframework.boot:spring-boot-maven-plugin @ line 51, column 12
[WARNING] 'build.plugins.plugin.version' for org.springframework.boot:spring-boot-maven-plugin is missing. @ line 51, column 12
[WARNING] 
[WARNING] It is highly recommended to fix these problems because they threaten the stability of your build.
[WARNING] 
[WARNING] For this reason, future Maven versions might no longer support building such malformed projects.
[WARNING] 
[INFO] 
[INFO] -------------< com.hanfu.group.center:hanfu-group-center >--------------
[INFO] Building hanfu-group-center 0.0.1-SNAPSHOT
[INFO] --------------------------------[ jar ]---------------------------------
[INFO] 
[INFO] >>> spring-boot-maven-plugin:2.2.1.RELEASE:run (default-cli) > test-compile @ hanfu-group-center >>>
[INFO] 
[INFO] --- maven-resources-plugin:2.6:resources (default-resources) @ hanfu-group-center ---
[WARNING] Using platform encoding (UTF-8 actually) to copy filtered resources, i.e. build is platform dependent!
[INFO] Copying 6 resources
[INFO] 
[INFO] --- maven-compiler-plugin:3.1:compile (default-compile) @ hanfu-group-center ---
[INFO] Nothing to compile - all classes are up to date
[INFO] 
[INFO] --- maven-resources-plugin:2.6:testResources (default-testResources) @ hanfu-group-center ---
[WARNING] Using platform encoding (UTF-8 actually) to copy filtered resources, i.e. build is platform dependent!
[INFO] skip non existing resourceDirectory /home/hanfu/project/hanfu/hanfu-group-center/src/test/resources
[INFO] 
[INFO] --- maven-compiler-plugin:3.1:testCompile (default-testCompile) @ hanfu-group-center ---
[INFO] No sources to compile
[INFO] 
[INFO] <<< spring-boot-maven-plugin:2.2.1.RELEASE:run (default-cli) < test-compile @ hanfu-group-center <<<
[INFO] 
[INFO] 
[INFO] --- spring-boot-maven-plugin:2.2.1.RELEASE:run (default-cli) @ hanfu-group-center ---
[INFO] Attaching agents: []
Error: Could not find or load main class Application
Caused by: java.lang.ClassNotFoundException: Application
[INFO] ------------------------------------------------------------------------
[INFO] BUILD FAILURE
[INFO] ------------------------------------------------------------------------
[INFO] Total time:  2.078 s
[INFO] Finished at: 2019-12-24T10:04:17+08:00
[INFO] ------------------------------------------------------------------------
[ERROR] Failed to execute goal org.springframework.boot:spring-boot-maven-plugin:2.2.1.RELEASE:run (default-cli) on project hanfu-group-center: Application finished with exit code: 1 -> [Help 1]
[ERROR] 
[ERROR] To see the full stack trace of the errors, re-run Maven with the -e switch.
[ERROR] Re-run Maven using the -X switch to enable full debug logging.
[ERROR] 
[ERROR] For more information about the errors and possible solutions, please read the following articles:
[ERROR] [Help 1] http://cwiki.apache.org/confluence/display/MAVEN/MojoExecutionException
[INFO] Scanning for projects...
[WARNING] 
[WARNING] Some problems were encountered while building the effective model for com.hanfu.group.center:hanfu-group-center:jar:0.0.1-SNAPSHOT
[WARNING] 'dependencies.dependency.(groupId:artifactId:type:classifier)' must be unique: org.mybatis.spring.boot:mybatis-spring-boot-starter:jar -> duplicate declaration of version 2.1.0 @ line 124, column 15
[WARNING] 'build.plugins.plugin.(groupId:artifactId)' must be unique but found duplicate declaration of plugin org.springframework.boot:spring-boot-maven-plugin @ line 51, column 21
[WARNING] 'build.plugins.plugin.version' for org.springframework.boot:spring-boot-maven-plugin is missing. @ line 51, column 21
[WARNING] 
[WARNING] It is highly recommended to fix these problems because they threaten the stability of your build.
[WARNING] 
[WARNING] For this reason, future Maven versions might no longer support building such malformed projects.
[WARNING] 
[INFO] 
[INFO] -------------< com.hanfu.group.center:hanfu-group-center >--------------
[INFO] Building hanfu-group-center 0.0.1-SNAPSHOT
[INFO] --------------------------------[ jar ]---------------------------------
[INFO] 
[INFO] >>> spring-boot-maven-plugin:2.2.2.RELEASE:run (default-cli) > test-compile @ hanfu-group-center >>>
[INFO] 
[INFO] --- maven-resources-plugin:2.6:resources (default-resources) @ hanfu-group-center ---
[WARNING] Using platform encoding (ANSI_X3.4-1968 actually) to copy filtered resources, i.e. build is platform dependent!
[INFO] Copying 7 resources
[INFO] 
[INFO] --- maven-compiler-plugin:3.1:compile (default-compile) @ hanfu-group-center ---
[INFO] Nothing to compile - all classes are up to date
[INFO] 
[INFO] --- maven-resources-plugin:2.6:testResources (default-testResources) @ hanfu-group-center ---
[WARNING] Using platform encoding (ANSI_X3.4-1968 actually) to copy filtered resources, i.e. build is platform dependent!
[INFO] skip non existing resourceDirectory /home/hanfu/project/hanfu/hanfu-group-center/src/test/resources
[INFO] 
[INFO] --- maven-compiler-plugin:3.1:testCompile (default-testCompile) @ hanfu-group-center ---
[INFO] No sources to compile
[INFO] 
[INFO] <<< spring-boot-maven-plugin:2.2.2.RELEASE:run (default-cli) < test-compile @ hanfu-group-center <<<
[INFO] 
[INFO] 
[INFO] --- spring-boot-maven-plugin:2.2.2.RELEASE:run (default-cli) @ hanfu-group-center ---
[INFO] Attaching agents: []
SLF4J: Class path contains multiple SLF4J bindings.
SLF4J: Found binding in [jar:file:/home/hanfu/.m2/repository/ch/qos/logback/logback-classic/1.2.3/logback-classic-1.2.3.jar!/org/slf4j/impl/StaticLoggerBinder.class]
SLF4J: Found binding in [jar:file:/home/hanfu/.m2/repository/org/slf4j/slf4j-log4j12/1.7.26/slf4j-log4j12-1.7.26.jar!/org/slf4j/impl/StaticLoggerBinder.class]
SLF4J: Found binding in [jar:file:/home/hanfu/.m2/repository/org/apache/logging/log4j/log4j-slf4j-impl/2.11.2/log4j-slf4j-impl-2.11.2.jar!/org/slf4j/impl/StaticLoggerBinder.class]
SLF4J: See http://www.slf4j.org/codes.html#multiple_bindings for an explanation.
SLF4J: Actual binding is of type [ch.qos.logback.classic.util.ContextSelectorStaticBinder]
log4j:WARN No appenders could be found for logger (org.apache.dubbo.common.logger.LoggerFactory).
log4j:WARN Please initialize the log4j system properly.
log4j:WARN See http://logging.apache.org/log4j/1.2/faq.html#noconfig for more info.
2020-01-09 23:22:35.005  INFO 21714 --- [           main] d.s.b.c.e.WelcomeLogoApplicationListener : 

 :: Dubbo Spring Boot (v2.7.3) : https://github.com/apache/dubbo-spring-boot-project
 :: Dubbo (v2.7.3) : https://github.com/apache/incubator-dubbo
 :: Discuss group : dev@dubbo.apache.org

2020-01-09 23:22:35.010  INFO 21714 --- [           main] e.OverrideDubboConfigApplicationListener : Dubbo Config was overridden by externalized configuration {dubbo.application.name=hanfu-product-center, dubbo.application.qos-enable=false, dubbo.config.multiple=true, dubbo.metadata-report.address=zookeeper://47.105.72.216:2181, dubbo.protocol.id=dubbo, dubbo.protocol.name=dubbo, dubbo.protocol.port=1899, dubbo.provider.server=netty4, dubbo.registry.address=47.105.72.216:2181, dubbo.registry.client=curator, dubbo.registry.id=dubboProductServer, dubbo.registry.protocol=zookeeper}

  .   ____          _            __ _ _
 /\\ / ___'_ __ _ _(_)_ __  __ _ \ \ \ \
( ( )\___ | '_ | '_| | '_ \/ _` | \ \ \ \
 \\/  ___)| |_)| | | | | || (_| |  ) ) ) )
  '  |____| .__|_| |_|_| |_\__, | / / / /
 =========|_|==============|___/=/_/_/_/
 :: Spring Boot ::        (v2.1.7.RELEASE)

2020-01-09 23:22:35.142  INFO 21714 --- [           main] com.hanfu.group.center.GroupApplication  : Starting GroupApplication on iZ8vb5lq7zcx56jn12h1ufZ with PID 21714 (/home/hanfu/project/hanfu/hanfu-group-center/target/classes started by hanfu in /home/hanfu/project/hanfu/hanfu-group-center)
2020-01-09 23:22:35.143  INFO 21714 --- [           main] com.hanfu.group.center.GroupApplication  : No active profile set, falling back to default profiles: default
2020-01-09 23:22:36.182  INFO 21714 --- [           main] .a.d.c.s.c.a.DubboConfigBindingRegistrar : The dubbo config bean definition [name : org.apache.dubbo.config.ApplicationConfig#0, class : org.apache.dubbo.config.ApplicationConfig] has been registered.
2020-01-09 23:22:36.183  INFO 21714 --- [           main] .a.d.c.s.c.a.DubboConfigBindingRegistrar : The BeanPostProcessor bean definition [org.apache.dubbo.config.spring.beans.factory.annotation.DubboConfigBindingBeanPostProcessor] for dubbo config bean [name : org.apache.dubbo.config.ApplicationConfig#0] has been registered.
2020-01-09 23:22:36.183  INFO 21714 --- [           main] .a.d.c.s.c.a.DubboConfigBindingRegistrar : The dubbo config bean definition [name : dubboProductServer, class : org.apache.dubbo.config.RegistryConfig] has been registered.
2020-01-09 23:22:36.183  INFO 21714 --- [           main] .a.d.c.s.c.a.DubboConfigBindingRegistrar : The BeanPostProcessor bean definition [org.apache.dubbo.config.spring.beans.factory.annotation.DubboConfigBindingBeanPostProcessor] for dubbo config bean [name : dubboProductServer] has been registered.
2020-01-09 23:22:36.183  INFO 21714 --- [           main] .a.d.c.s.c.a.DubboConfigBindingRegistrar : The dubbo config bean definition [name : dubbo, class : org.apache.dubbo.config.ProtocolConfig] has been registered.
2020-01-09 23:22:36.183  INFO 21714 --- [           main] .a.d.c.s.c.a.DubboConfigBindingRegistrar : The BeanPostProcessor bean definition [org.apache.dubbo.config.spring.beans.factory.annotation.DubboConfigBindingBeanPostProcessor] for dubbo config bean [name : dubbo] has been registered.
2020-01-09 23:22:36.184  INFO 21714 --- [           main] .a.d.c.s.c.a.DubboConfigBindingRegistrar : The dubbo config bean definition [name : org.apache.dubbo.config.ProviderConfig#0, class : org.apache.dubbo.config.ProviderConfig] has been registered.
2020-01-09 23:22:36.184  INFO 21714 --- [           main] .a.d.c.s.c.a.DubboConfigBindingRegistrar : The BeanPostProcessor bean definition [org.apache.dubbo.config.spring.beans.factory.annotation.DubboConfigBindingBeanPostProcessor] for dubbo config bean [name : org.apache.dubbo.config.ProviderConfig#0] has been registered.
2020-01-09 23:22:36.184  INFO 21714 --- [           main] .a.d.c.s.c.a.DubboConfigBindingRegistrar : The dubbo config bean definition [name : org.apache.dubbo.config.MetadataReportConfig#0, class : org.apache.dubbo.config.MetadataReportConfig] has been registered.
2020-01-09 23:22:36.184  INFO 21714 --- [           main] .a.d.c.s.c.a.DubboConfigBindingRegistrar : The BeanPostProcessor bean definition [org.apache.dubbo.config.spring.beans.factory.annotation.DubboConfigBindingBeanPostProcessor] for dubbo config bean [name : org.apache.dubbo.config.MetadataReportConfig#0] has been registered.
2020-01-09 23:22:36.215  INFO 21714 --- [           main] .s.d.r.c.RepositoryConfigurationDelegate : Multiple Spring Data modules found, entering strict repository configuration mode!
2020-01-09 23:22:36.217  INFO 21714 --- [           main] .s.d.r.c.RepositoryConfigurationDelegate : Bootstrapping Spring Data repositories in DEFAULT mode.
2020-01-09 23:22:36.242  INFO 21714 --- [           main] .s.d.r.c.RepositoryConfigurationDelegate : Finished Spring Data repository scanning in 14ms. Found 0 repository interfaces.
2020-01-09 23:22:36.554  INFO 21714 --- [           main] trationDelegate$BeanPostProcessorChecker : Bean 'org.apache.dubbo.spring.boot.autoconfigure.DubboAutoConfiguration' of type [org.apache.dubbo.spring.boot.autoconfigure.DubboAutoConfiguration$$EnhancerBySpringCGLIB$$5c99b860] is not eligible for getting processed by all BeanPostProcessors (for example: not eligible for auto-proxying)
2020-01-09 23:22:36.635  INFO 21714 --- [           main] trationDelegate$BeanPostProcessorChecker : Bean 'org.springframework.transaction.annotation.ProxyTransactionManagementConfiguration' of type [org.springframework.transaction.annotation.ProxyTransactionManagementConfiguration$$EnhancerBySpringCGLIB$$2ea58efa] is not eligible for getting processed by all BeanPostProcessors (for example: not eligible for auto-proxying)
2020-01-09 23:22:36.670  INFO 21714 --- [           main] trationDelegate$BeanPostProcessorChecker : Bean 'org.apache.dubbo.spring.boot.autoconfigure.DubboRelaxedBinding2AutoConfiguration' of type [org.apache.dubbo.spring.boot.autoconfigure.DubboRelaxedBinding2AutoConfiguration$$EnhancerBySpringCGLIB$$ed53dd30] is not eligible for getting processed by all BeanPostProcessors (for example: not eligible for auto-proxying)
2020-01-09 23:22:36.677  INFO 21714 --- [           main] trationDelegate$BeanPostProcessorChecker : Bean 'relaxedDubboConfigBinder' of type [org.apache.dubbo.spring.boot.autoconfigure.BinderDubboConfigBinder] is not eligible for getting processed by all BeanPostProcessors (for example: not eligible for auto-proxying)
2020-01-09 23:22:36.684  INFO 21714 --- [           main] trationDelegate$BeanPostProcessorChecker : Bean 'relaxedDubboConfigBinder' of type [org.apache.dubbo.spring.boot.autoconfigure.BinderDubboConfigBinder] is not eligible for getting processed by all BeanPostProcessors (for example: not eligible for auto-proxying)
2020-01-09 23:22:36.688  INFO 21714 --- [           main] trationDelegate$BeanPostProcessorChecker : Bean 'relaxedDubboConfigBinder' of type [org.apache.dubbo.spring.boot.autoconfigure.BinderDubboConfigBinder] is not eligible for getting processed by all BeanPostProcessors (for example: not eligible for auto-proxying)
2020-01-09 23:22:36.692  INFO 21714 --- [           main] trationDelegate$BeanPostProcessorChecker : Bean 'relaxedDubboConfigBinder' of type [org.apache.dubbo.spring.boot.autoconfigure.BinderDubboConfigBinder] is not eligible for getting processed by all BeanPostProcessors (for example: not eligible for auto-proxying)
2020-01-09 23:22:36.696  INFO 21714 --- [           main] trationDelegate$BeanPostProcessorChecker : Bean 'relaxedDubboConfigBinder' of type [org.apache.dubbo.spring.boot.autoconfigure.BinderDubboConfigBinder] is not eligible for getting processed by all BeanPostProcessors (for example: not eligible for auto-proxying)
2020-01-09 23:22:37.001  INFO 21714 --- [           main] o.s.b.w.embedded.tomcat.TomcatWebServer  : Tomcat initialized with port(s): 9911 (http)
2020-01-09 23:22:37.027  INFO 21714 --- [           main] o.apache.catalina.core.StandardService   : Starting service [Tomcat]
2020-01-09 23:22:37.028  INFO 21714 --- [           main] org.apache.catalina.core.StandardEngine  : Starting Servlet engine: [Apache Tomcat/9.0.22]
2020-01-09 23:22:37.129  INFO 21714 --- [           main] o.a.c.c.C.[Tomcat].[localhost].[/]       : Initializing Spring embedded WebApplicationContext
2020-01-09 23:22:37.130  INFO 21714 --- [           main] o.s.web.context.ContextLoader            : Root WebApplicationContext: initialization completed in 1932 ms
2020-01-09 23:22:37.555  WARN 21714 --- [           main] ConfigServletWebServerApplicationContext : Exception encountered during context initialization - cancelling refresh attempt: org.springframework.beans.factory.UnsatisfiedDependencyException: Error creating bean with name 'groupController': Unsatisfied dependency expressed through field 'groupService'; nested exception is org.springframework.beans.factory.UnsatisfiedDependencyException: Error creating bean with name 'groupServiceImpl': Unsatisfied dependency expressed through field 'groupMapper'; nested exception is org.springframework.beans.factory.UnsatisfiedDependencyException: Error creating bean with name 'groupMapper' defined in file [/home/hanfu/project/hanfu/hanfu-group-center/target/classes/com/hanfu/group/center/manual/dao/GroupMapper.class]: Unsatisfied dependency expressed through bean property 'sqlSessionFactory'; nested exception is org.springframework.beans.factory.BeanCreationException: Error creating bean with name 'sqlSessionFactory' defined in class path resource [org/mybatis/spring/boot/autoconfigure/MybatisAutoConfiguration.class]: Bean instantiation via factory method failed; nested exception is org.springframework.beans.BeanInstantiationException: Failed to instantiate [org.apache.ibatis.session.SqlSessionFactory]: Factory method 'sqlSessionFactory' threw exception; nested exception is org.springframework.core.NestedIOException: Failed to parse mapping resource: 'file [/home/hanfu/project/hanfu/hanfu-group-center/target/classes/mappers/HfUserMapper.xml]'; nested exception is org.apache.ibatis.builder.BuilderException: Error creating document instance.  Cause: org.xml.sax.SAXParseException; lineNumber: 192; columnNumber: 7; The element type "if" must be terminated by the matching end-tag "</if>".
2020-01-09 23:22:37.556  INFO 21714 --- [           main] f.a.ReferenceAnnotationBeanPostProcessor : class org.apache.dubbo.config.spring.beans.factory.annotation.ReferenceAnnotationBeanPostProcessor was destroying!
2020-01-09 23:22:37.559  INFO 21714 --- [           main] o.apache.catalina.core.StandardService   : Stopping service [Tomcat]
2020-01-09 23:22:37.576  INFO 21714 --- [           main] ConditionEvaluationReportLoggingListener : 

Error starting ApplicationContext. To display the conditions report re-run your application with 'debug' enabled.
2020-01-09 23:22:37.588 ERROR 21714 --- [           main] o.s.boot.SpringApplication               : Application run failed

org.springframework.beans.factory.UnsatisfiedDependencyException: Error creating bean with name 'groupController': Unsatisfied dependency expressed through field 'groupService'; nested exception is org.springframework.beans.factory.UnsatisfiedDependencyException: Error creating bean with name 'groupServiceImpl': Unsatisfied dependency expressed through field 'groupMapper'; nested exception is org.springframework.beans.factory.UnsatisfiedDependencyException: Error creating bean with name 'groupMapper' defined in file [/home/hanfu/project/hanfu/hanfu-group-center/target/classes/com/hanfu/group/center/manual/dao/GroupMapper.class]: Unsatisfied dependency expressed through bean property 'sqlSessionFactory'; nested exception is org.springframework.beans.factory.BeanCreationException: Error creating bean with name 'sqlSessionFactory' defined in class path resource [org/mybatis/spring/boot/autoconfigure/MybatisAutoConfiguration.class]: Bean instantiation via factory method failed; nested exception is org.springframework.beans.BeanInstantiationException: Failed to instantiate [org.apache.ibatis.session.SqlSessionFactory]: Factory method 'sqlSessionFactory' threw exception; nested exception is org.springframework.core.NestedIOException: Failed to parse mapping resource: 'file [/home/hanfu/project/hanfu/hanfu-group-center/target/classes/mappers/HfUserMapper.xml]'; nested exception is org.apache.ibatis.builder.BuilderException: Error creating document instance.  Cause: org.xml.sax.SAXParseException; lineNumber: 192; columnNumber: 7; The element type "if" must be terminated by the matching end-tag "</if>".
	at org.springframework.beans.factory.annotation.AutowiredAnnotationBeanPostProcessor$AutowiredFieldElement.inject(AutowiredAnnotationBeanPostProcessor.java:596) ~[spring-beans-5.1.9.RELEASE.jar:5.1.9.RELEASE]
	at org.springframework.beans.factory.annotation.InjectionMetadata.inject(InjectionMetadata.java:90) ~[spring-beans-5.1.9.RELEASE.jar:5.1.9.RELEASE]
	at org.springframework.beans.factory.annotation.AutowiredAnnotationBeanPostProcessor.postProcessProperties(AutowiredAnnotationBeanPostProcessor.java:374) ~[spring-beans-5.1.9.RELEASE.jar:5.1.9.RELEASE]
	at org.springframework.beans.factory.support.AbstractAutowireCapableBeanFactory.populateBean(AbstractAutowireCapableBeanFactory.java:1411) ~[spring-beans-5.1.9.RELEASE.jar:5.1.9.RELEASE]
	at org.springframework.beans.factory.support.AbstractAutowireCapableBeanFactory.doCreateBean(AbstractAutowireCapableBeanFactory.java:592) ~[spring-beans-5.1.9.RELEASE.jar:5.1.9.RELEASE]
	at org.springframework.beans.factory.support.AbstractAutowireCapableBeanFactory.createBean(AbstractAutowireCapableBeanFactory.java:515) ~[spring-beans-5.1.9.RELEASE.jar:5.1.9.RELEASE]
	at org.springframework.beans.factory.support.AbstractBeanFactory.lambda$doGetBean$0(AbstractBeanFactory.java:320) ~[spring-beans-5.1.9.RELEASE.jar:5.1.9.RELEASE]
	at org.springframework.beans.factory.support.DefaultSingletonBeanRegistry.getSingleton(DefaultSingletonBeanRegistry.java:222) ~[spring-beans-5.1.9.RELEASE.jar:5.1.9.RELEASE]
	at org.springframework.beans.factory.support.AbstractBeanFactory.doGetBean(AbstractBeanFactory.java:318) ~[spring-beans-5.1.9.RELEASE.jar:5.1.9.RELEASE]
	at org.springframework.beans.factory.support.AbstractBeanFactory.getBean(AbstractBeanFactory.java:199) ~[spring-beans-5.1.9.RELEASE.jar:5.1.9.RELEASE]
	at org.springframework.beans.factory.support.DefaultListableBeanFactory.preInstantiateSingletons(DefaultListableBeanFactory.java:845) ~[spring-beans-5.1.9.RELEASE.jar:5.1.9.RELEASE]
	at org.springframework.context.support.AbstractApplicationContext.finishBeanFactoryInitialization(AbstractApplicationContext.java:877) ~[spring-context-5.1.9.RELEASE.jar:5.1.9.RELEASE]
	at org.springframework.context.support.AbstractApplicationContext.refresh(AbstractApplicationContext.java:549) ~[spring-context-5.1.9.RELEASE.jar:5.1.9.RELEASE]
	at org.springframework.boot.web.servlet.context.ServletWebServerApplicationContext.refresh(ServletWebServerApplicationContext.java:141) ~[spring-boot-2.1.7.RELEASE.jar:2.1.7.RELEASE]
	at org.springframework.boot.SpringApplication.refresh(SpringApplication.java:743) ~[spring-boot-2.1.7.RELEASE.jar:2.1.7.RELEASE]
	at org.springframework.boot.SpringApplication.refreshContext(SpringApplication.java:390) ~[spring-boot-2.1.7.RELEASE.jar:2.1.7.RELEASE]
	at org.springframework.boot.SpringApplication.run(SpringApplication.java:312) ~[spring-boot-2.1.7.RELEASE.jar:2.1.7.RELEASE]
	at org.springframework.boot.SpringApplication.run(SpringApplication.java:1214) ~[spring-boot-2.1.7.RELEASE.jar:2.1.7.RELEASE]
	at org.springframework.boot.SpringApplication.run(SpringApplication.java:1203) ~[spring-boot-2.1.7.RELEASE.jar:2.1.7.RELEASE]
	at com.hanfu.group.center.GroupApplication.main(GroupApplication.java:16) ~[classes/:na]
Caused by: org.springframework.beans.factory.UnsatisfiedDependencyException: Error creating bean with name 'groupServiceImpl': Unsatisfied dependency expressed through field 'groupMapper'; nested exception is org.springframework.beans.factory.UnsatisfiedDependencyException: Error creating bean with name 'groupMapper' defined in file [/home/hanfu/project/hanfu/hanfu-group-center/target/classes/com/hanfu/group/center/manual/dao/GroupMapper.class]: Unsatisfied dependency expressed through bean property 'sqlSessionFactory'; nested exception is org.springframework.beans.factory.BeanCreationException: Error creating bean with name 'sqlSessionFactory' defined in class path resource [org/mybatis/spring/boot/autoconfigure/MybatisAutoConfiguration.class]: Bean instantiation via factory method failed; nested exception is org.springframework.beans.BeanInstantiationException: Failed to instantiate [org.apache.ibatis.session.SqlSessionFactory]: Factory method 'sqlSessionFactory' threw exception; nested exception is org.springframework.core.NestedIOException: Failed to parse mapping resource: 'file [/home/hanfu/project/hanfu/hanfu-group-center/target/classes/mappers/HfUserMapper.xml]'; nested exception is org.apache.ibatis.builder.BuilderException: Error creating document instance.  Cause: org.xml.sax.SAXParseException; lineNumber: 192; columnNumber: 7; The element type "if" must be terminated by the matching end-tag "</if>".
	at org.springframework.beans.factory.annotation.AutowiredAnnotationBeanPostProcessor$AutowiredFieldElement.inject(AutowiredAnnotationBeanPostProcessor.java:596) ~[spring-beans-5.1.9.RELEASE.jar:5.1.9.RELEASE]
	at org.springframework.beans.factory.annotation.InjectionMetadata.inject(InjectionMetadata.java:90) ~[spring-beans-5.1.9.RELEASE.jar:5.1.9.RELEASE]
	at org.springframework.beans.factory.annotation.AutowiredAnnotationBeanPostProcessor.postProcessProperties(AutowiredAnnotationBeanPostProcessor.java:374) ~[spring-beans-5.1.9.RELEASE.jar:5.1.9.RELEASE]
	at org.springframework.beans.factory.support.AbstractAutowireCapableBeanFactory.populateBean(AbstractAutowireCapableBeanFactory.java:1411) ~[spring-beans-5.1.9.RELEASE.jar:5.1.9.RELEASE]
	at org.springframework.beans.factory.support.AbstractAutowireCapableBeanFactory.doCreateBean(AbstractAutowireCapableBeanFactory.java:592) ~[spring-beans-5.1.9.RELEASE.jar:5.1.9.RELEASE]
	at org.springframework.beans.factory.support.AbstractAutowireCapableBeanFactory.createBean(AbstractAutowireCapableBeanFactory.java:515) ~[spring-beans-5.1.9.RELEASE.jar:5.1.9.RELEASE]
	at org.springframework.beans.factory.support.AbstractBeanFactory.lambda$doGetBean$0(AbstractBeanFactory.java:320) ~[spring-beans-5.1.9.RELEASE.jar:5.1.9.RELEASE]
	at org.springframework.beans.factory.support.DefaultSingletonBeanRegistry.getSingleton(DefaultSingletonBeanRegistry.java:222) ~[spring-beans-5.1.9.RELEASE.jar:5.1.9.RELEASE]
	at org.springframework.beans.factory.support.AbstractBeanFactory.doGetBean(AbstractBeanFactory.java:318) ~[spring-beans-5.1.9.RELEASE.jar:5.1.9.RELEASE]
	at org.springframework.beans.factory.support.AbstractBeanFactory.getBean(AbstractBeanFactory.java:199) ~[spring-beans-5.1.9.RELEASE.jar:5.1.9.RELEASE]
	at org.springframework.beans.factory.config.DependencyDescriptor.resolveCandidate(DependencyDescriptor.java:277) ~[spring-beans-5.1.9.RELEASE.jar:5.1.9.RELEASE]
	at org.springframework.beans.factory.support.DefaultListableBeanFactory.doResolveDependency(DefaultListableBeanFactory.java:1251) ~[spring-beans-5.1.9.RELEASE.jar:5.1.9.RELEASE]
	at org.springframework.beans.factory.support.DefaultListableBeanFactory.resolveDependency(DefaultListableBeanFactory.java:1171) ~[spring-beans-5.1.9.RELEASE.jar:5.1.9.RELEASE]
	at org.springframework.beans.factory.annotation.AutowiredAnnotationBeanPostProcessor$AutowiredFieldElement.inject(AutowiredAnnotationBeanPostProcessor.java:593) ~[spring-beans-5.1.9.RELEASE.jar:5.1.9.RELEASE]
	... 19 common frames omitted
Caused by: org.springframework.beans.factory.UnsatisfiedDependencyException: Error creating bean with name 'groupMapper' defined in file [/home/hanfu/project/hanfu/hanfu-group-center/target/classes/com/hanfu/group/center/manual/dao/GroupMapper.class]: Unsatisfied dependency expressed through bean property 'sqlSessionFactory'; nested exception is org.springframework.beans.factory.BeanCreationException: Error creating bean with name 'sqlSessionFactory' defined in class path resource [org/mybatis/spring/boot/autoconfigure/MybatisAutoConfiguration.class]: Bean instantiation via factory method failed; nested exception is org.springframework.beans.BeanInstantiationException: Failed to instantiate [org.apache.ibatis.session.SqlSessionFactory]: Factory method 'sqlSessionFactory' threw exception; nested exception is org.springframework.core.NestedIOException: Failed to parse mapping resource: 'file [/home/hanfu/project/hanfu/hanfu-group-center/target/classes/mappers/HfUserMapper.xml]'; nested exception is org.apache.ibatis.builder.BuilderException: Error creating document instance.  Cause: org.xml.sax.SAXParseException; lineNumber: 192; columnNumber: 7; The element type "if" must be terminated by the matching end-tag "</if>".
	at org.springframework.beans.factory.support.AbstractAutowireCapableBeanFactory.autowireByType(AbstractAutowireCapableBeanFactory.java:1515) ~[spring-beans-5.1.9.RELEASE.jar:5.1.9.RELEASE]
	at org.springframework.beans.factory.support.AbstractAutowireCapableBeanFactory.populateBean(AbstractAutowireCapableBeanFactory.java:1395) ~[spring-beans-5.1.9.RELEASE.jar:5.1.9.RELEASE]
	at org.springframework.beans.factory.support.AbstractAutowireCapableBeanFactory.doCreateBean(AbstractAutowireCapableBeanFactory.java:592) ~[spring-beans-5.1.9.RELEASE.jar:5.1.9.RELEASE]
	at org.springframework.beans.factory.support.AbstractAutowireCapableBeanFactory.createBean(AbstractAutowireCapableBeanFactory.java:515) ~[spring-beans-5.1.9.RELEASE.jar:5.1.9.RELEASE]
	at org.springframework.beans.factory.support.AbstractBeanFactory.lambda$doGetBean$0(AbstractBeanFactory.java:320) ~[spring-beans-5.1.9.RELEASE.jar:5.1.9.RELEASE]
	at org.springframework.beans.factory.support.DefaultSingletonBeanRegistry.getSingleton(DefaultSingletonBeanRegistry.java:222) ~[spring-beans-5.1.9.RELEASE.jar:5.1.9.RELEASE]
	at org.springframework.beans.factory.support.AbstractBeanFactory.doGetBean(AbstractBeanFactory.java:318) ~[spring-beans-5.1.9.RELEASE.jar:5.1.9.RELEASE]
	at org.springframework.beans.factory.support.AbstractBeanFactory.getBean(AbstractBeanFactory.java:199) ~[spring-beans-5.1.9.RELEASE.jar:5.1.9.RELEASE]
	at org.springframework.beans.factory.config.DependencyDescriptor.resolveCandidate(DependencyDescriptor.java:277) ~[spring-beans-5.1.9.RELEASE.jar:5.1.9.RELEASE]
	at org.springframework.beans.factory.support.DefaultListableBeanFactory.doResolveDependency(DefaultListableBeanFactory.java:1251) ~[spring-beans-5.1.9.RELEASE.jar:5.1.9.RELEASE]
	at org.springframework.beans.factory.support.DefaultListableBeanFactory.resolveDependency(DefaultListableBeanFactory.java:1171) ~[spring-beans-5.1.9.RELEASE.jar:5.1.9.RELEASE]
	at org.springframework.beans.factory.annotation.AutowiredAnnotationBeanPostProcessor$AutowiredFieldElement.inject(AutowiredAnnotationBeanPostProcessor.java:593) ~[spring-beans-5.1.9.RELEASE.jar:5.1.9.RELEASE]
	... 32 common frames omitted
Caused by: org.springframework.beans.factory.BeanCreationException: Error creating bean with name 'sqlSessionFactory' defined in class path resource [org/mybatis/spring/boot/autoconfigure/MybatisAutoConfiguration.class]: Bean instantiation via factory method failed; nested exception is org.springframework.beans.BeanInstantiationException: Failed to instantiate [org.apache.ibatis.session.SqlSessionFactory]: Factory method 'sqlSessionFactory' threw exception; nested exception is org.springframework.core.NestedIOException: Failed to parse mapping resource: 'file [/home/hanfu/project/hanfu/hanfu-group-center/target/classes/mappers/HfUserMapper.xml]'; nested exception is org.apache.ibatis.builder.BuilderException: Error creating document instance.  Cause: org.xml.sax.SAXParseException; lineNumber: 192; columnNumber: 7; The element type "if" must be terminated by the matching end-tag "</if>".
	at org.springframework.beans.factory.support.ConstructorResolver.instantiate(ConstructorResolver.java:627) ~[spring-beans-5.1.9.RELEASE.jar:5.1.9.RELEASE]
	at org.springframework.beans.factory.support.ConstructorResolver.instantiateUsingFactoryMethod(ConstructorResolver.java:607) ~[spring-beans-5.1.9.RELEASE.jar:5.1.9.RELEASE]
	at org.springframework.beans.factory.support.AbstractAutowireCapableBeanFactory.instantiateUsingFactoryMethod(AbstractAutowireCapableBeanFactory.java:1321) ~[spring-beans-5.1.9.RELEASE.jar:5.1.9.RELEASE]
	at org.springframework.beans.factory.support.AbstractAutowireCapableBeanFactory.createBeanInstance(AbstractAutowireCapableBeanFactory.java:1160) ~[spring-beans-5.1.9.RELEASE.jar:5.1.9.RELEASE]
	at org.springframework.beans.factory.support.AbstractAutowireCapableBeanFactory.doCreateBean(AbstractAutowireCapableBeanFactory.java:555) ~[spring-beans-5.1.9.RELEASE.jar:5.1.9.RELEASE]
	at org.springframework.beans.factory.support.AbstractAutowireCapableBeanFactory.createBean(AbstractAutowireCapableBeanFactory.java:515) ~[spring-beans-5.1.9.RELEASE.jar:5.1.9.RELEASE]
	at org.springframework.beans.factory.support.AbstractBeanFactory.lambda$doGetBean$0(AbstractBeanFactory.java:320) ~[spring-beans-5.1.9.RELEASE.jar:5.1.9.RELEASE]
	at org.springframework.beans.factory.support.DefaultSingletonBeanRegistry.getSingleton(DefaultSingletonBeanRegistry.java:222) ~[spring-beans-5.1.9.RELEASE.jar:5.1.9.RELEASE]
	at org.springframework.beans.factory.support.AbstractBeanFactory.doGetBean(AbstractBeanFactory.java:318) ~[spring-beans-5.1.9.RELEASE.jar:5.1.9.RELEASE]
	at org.springframework.beans.factory.support.AbstractBeanFactory.getBean(AbstractBeanFactory.java:199) ~[spring-beans-5.1.9.RELEASE.jar:5.1.9.RELEASE]
	at org.springframework.beans.factory.config.DependencyDescriptor.resolveCandidate(DependencyDescriptor.java:277) ~[spring-beans-5.1.9.RELEASE.jar:5.1.9.RELEASE]
	at org.springframework.beans.factory.support.DefaultListableBeanFactory.doResolveDependency(DefaultListableBeanFactory.java:1251) ~[spring-beans-5.1.9.RELEASE.jar:5.1.9.RELEASE]
	at org.springframework.beans.factory.support.DefaultListableBeanFactory.resolveDependency(DefaultListableBeanFactory.java:1171) ~[spring-beans-5.1.9.RELEASE.jar:5.1.9.RELEASE]
	at org.springframework.beans.factory.support.AbstractAutowireCapableBeanFactory.autowireByType(AbstractAutowireCapableBeanFactory.java:1500) ~[spring-beans-5.1.9.RELEASE.jar:5.1.9.RELEASE]
	... 43 common frames omitted
Caused by: org.springframework.beans.BeanInstantiationException: Failed to instantiate [org.apache.ibatis.session.SqlSessionFactory]: Factory method 'sqlSessionFactory' threw exception; nested exception is org.springframework.core.NestedIOException: Failed to parse mapping resource: 'file [/home/hanfu/project/hanfu/hanfu-group-center/target/classes/mappers/HfUserMapper.xml]'; nested exception is org.apache.ibatis.builder.BuilderException: Error creating document instance.  Cause: org.xml.sax.SAXParseException; lineNumber: 192; columnNumber: 7; The element type "if" must be terminated by the matching end-tag "</if>".
	at org.springframework.beans.factory.support.SimpleInstantiationStrategy.instantiate(SimpleInstantiationStrategy.java:185) ~[spring-beans-5.1.9.RELEASE.jar:5.1.9.RELEASE]
	at org.springframework.beans.factory.support.ConstructorResolver.instantiate(ConstructorResolver.java:622) ~[spring-beans-5.1.9.RELEASE.jar:5.1.9.RELEASE]
	... 56 common frames omitted
Caused by: org.springframework.core.NestedIOException: Failed to parse mapping resource: 'file [/home/hanfu/project/hanfu/hanfu-group-center/target/classes/mappers/HfUserMapper.xml]'; nested exception is org.apache.ibatis.builder.BuilderException: Error creating document instance.  Cause: org.xml.sax.SAXParseException; lineNumber: 192; columnNumber: 7; The element type "if" must be terminated by the matching end-tag "</if>".
	at org.mybatis.spring.SqlSessionFactoryBean.buildSqlSessionFactory(SqlSessionFactoryBean.java:596) ~[mybatis-spring-2.0.2.jar:2.0.2]
	at org.mybatis.spring.SqlSessionFactoryBean.afterPropertiesSet(SqlSessionFactoryBean.java:475) ~[mybatis-spring-2.0.2.jar:2.0.2]
	at org.mybatis.spring.SqlSessionFactoryBean.getObject(SqlSessionFactoryBean.java:616) ~[mybatis-spring-2.0.2.jar:2.0.2]
	at org.mybatis.spring.boot.autoconfigure.MybatisAutoConfiguration.sqlSessionFactory(MybatisAutoConfiguration.java:180) ~[mybatis-spring-boot-autoconfigure-2.1.0.jar:2.1.0]
	at org.mybatis.spring.boot.autoconfigure.MybatisAutoConfiguration$$EnhancerBySpringCGLIB$$6179e02a.CGLIB$sqlSessionFactory$2(<generated>) ~[mybatis-spring-boot-autoconfigure-2.1.0.jar:2.1.0]
	at org.mybatis.spring.boot.autoconfigure.MybatisAutoConfiguration$$EnhancerBySpringCGLIB$$6179e02a$$FastClassBySpringCGLIB$$39a86ea5.invoke(<generated>) ~[mybatis-spring-boot-autoconfigure-2.1.0.jar:2.1.0]
	at org.springframework.cglib.proxy.MethodProxy.invokeSuper(MethodProxy.java:244) ~[spring-core-5.1.9.RELEASE.jar:5.1.9.RELEASE]
	at org.springframework.context.annotation.ConfigurationClassEnhancer$BeanMethodInterceptor.intercept(ConfigurationClassEnhancer.java:363) ~[spring-context-5.1.9.RELEASE.jar:5.1.9.RELEASE]
	at org.mybatis.spring.boot.autoconfigure.MybatisAutoConfiguration$$EnhancerBySpringCGLIB$$6179e02a.sqlSessionFactory(<generated>) ~[mybatis-spring-boot-autoconfigure-2.1.0.jar:2.1.0]
	at java.base/jdk.internal.reflect.NativeMethodAccessorImpl.invoke0(Native Method) ~[na:na]
	at java.base/jdk.internal.reflect.NativeMethodAccessorImpl.invoke(NativeMethodAccessorImpl.java:62) ~[na:na]
	at java.base/jdk.internal.reflect.DelegatingMethodAccessorImpl.invoke(DelegatingMethodAccessorImpl.java:43) ~[na:na]
	at java.base/java.lang.reflect.Method.invoke(Method.java:566) ~[na:na]
	at org.springframework.beans.factory.support.SimpleInstantiationStrategy.instantiate(SimpleInstantiationStrategy.java:154) ~[spring-beans-5.1.9.RELEASE.jar:5.1.9.RELEASE]
	... 57 common frames omitted
Caused by: org.apache.ibatis.builder.BuilderException: Error creating document instance.  Cause: org.xml.sax.SAXParseException; lineNumber: 192; columnNumber: 7; The element type "if" must be terminated by the matching end-tag "</if>".
	at org.apache.ibatis.parsing.XPathParser.createDocument(XPathParser.java:260) ~[mybatis-3.5.2.jar:3.5.2]
	at org.apache.ibatis.parsing.XPathParser.<init>(XPathParser.java:126) ~[mybatis-3.5.2.jar:3.5.2]
	at org.apache.ibatis.builder.xml.XMLMapperBuilder.<init>(XMLMapperBuilder.java:80) ~[mybatis-3.5.2.jar:3.5.2]
	at org.mybatis.spring.SqlSessionFactoryBean.buildSqlSessionFactory(SqlSessionFactoryBean.java:593) ~[mybatis-spring-2.0.2.jar:2.0.2]
	... 70 common frames omitted
Caused by: org.xml.sax.SAXParseException: The element type "if" must be terminated by the matching end-tag "</if>".
	at java.xml/com.sun.org.apache.xerces.internal.util.ErrorHandlerWrapper.createSAXParseException(ErrorHandlerWrapper.java:204) ~[na:na]
	at java.xml/com.sun.org.apache.xerces.internal.util.ErrorHandlerWrapper.fatalError(ErrorHandlerWrapper.java:178) ~[na:na]
	at java.xml/com.sun.org.apache.xerces.internal.impl.XMLErrorReporter.reportError(XMLErrorReporter.java:400) ~[na:na]
	at java.xml/com.sun.org.apache.xerces.internal.impl.XMLErrorReporter.reportError(XMLErrorReporter.java:327) ~[na:na]
	at java.xml/com.sun.org.apache.xerces.internal.impl.XMLScanner.reportFatalError(XMLScanner.java:1471) ~[na:na]
	at java.xml/com.sun.org.apache.xerces.internal.impl.XMLDocumentFragmentScannerImpl.scanEndElement(XMLDocumentFragmentScannerImpl.java:1685) ~[na:na]
	at java.xml/com.sun.org.apache.xerces.internal.impl.XMLDocumentFragmentScannerImpl$FragmentContentDriver.next(XMLDocumentFragmentScannerImpl.java:2883) ~[na:na]
	at java.xml/com.sun.org.apache.xerces.internal.impl.XMLDocumentScannerImpl.next(XMLDocumentScannerImpl.java:605) ~[na:na]
	at java.xml/com.sun.org.apache.xerces.internal.impl.XMLDocumentFragmentScannerImpl.scanDocument(XMLDocumentFragmentScannerImpl.java:534) ~[na:na]
	at java.xml/com.sun.org.apache.xerces.internal.parsers.XML11Configuration.parse(XML11Configuration.java:888) ~[na:na]
	at java.xml/com.sun.org.apache.xerces.internal.parsers.XML11Configuration.parse(XML11Configuration.java:824) ~[na:na]
	at java.xml/com.sun.org.apache.xerces.internal.parsers.XMLParser.parse(XMLParser.java:141) ~[na:na]
	at java.xml/com.sun.org.apache.xerces.internal.parsers.DOMParser.parse(DOMParser.java:246) ~[na:na]
	at java.xml/com.sun.org.apache.xerces.internal.jaxp.DocumentBuilderImpl.parse(DocumentBuilderImpl.java:339) ~[na:na]
	at org.apache.ibatis.parsing.XPathParser.createDocument(XPathParser.java:258) ~[mybatis-3.5.2.jar:3.5.2]
	... 73 common frames omitted

[INFO] ------------------------------------------------------------------------
[INFO] BUILD FAILURE
[INFO] ------------------------------------------------------------------------
[INFO] Total time:  7.069 s
[INFO] Finished at: 2020-01-09T23:22:37+08:00
[INFO] ------------------------------------------------------------------------
[ERROR] Failed to execute goal org.springframework.boot:spring-boot-maven-plugin:2.2.2.RELEASE:run (default-cli) on project hanfu-group-center: Application finished with exit code: 1 -> [Help 1]
[ERROR] 
[ERROR] To see the full stack trace of the errors, re-run Maven with the -e switch.
[ERROR] Re-run Maven using the -X switch to enable full debug logging.
[ERROR] 
[ERROR] For more information about the errors and possible solutions, please read the following articles:
[ERROR] [Help 1] http://cwiki.apache.org/confluence/display/MAVEN/MojoExecutionException
[INFO] Scanning for projects...
[WARNING] 
[WARNING] Some problems were encountered while building the effective model for com.hanfu.group.center:hanfu-group-center:jar:0.0.1-SNAPSHOT
[WARNING] 'dependencies.dependency.(groupId:artifactId:type:classifier)' must be unique: org.mybatis.spring.boot:mybatis-spring-boot-starter:jar -> duplicate declaration of version 2.1.0 @ line 124, column 15
[WARNING] 'build.plugins.plugin.(groupId:artifactId)' must be unique but found duplicate declaration of plugin org.springframework.boot:spring-boot-maven-plugin @ line 51, column 21
[WARNING] 'build.plugins.plugin.version' for org.springframework.boot:spring-boot-maven-plugin is missing. @ line 51, column 21
[WARNING] 
[WARNING] It is highly recommended to fix these problems because they threaten the stability of your build.
[WARNING] 
[WARNING] For this reason, future Maven versions might no longer support building such malformed projects.
[WARNING] 
[INFO] 
[INFO] -------------< com.hanfu.group.center:hanfu-group-center >--------------
[INFO] Building hanfu-group-center 0.0.1-SNAPSHOT
[INFO] --------------------------------[ jar ]---------------------------------
[INFO] 
[INFO] >>> spring-boot-maven-plugin:2.2.2.RELEASE:run (default-cli) > test-compile @ hanfu-group-center >>>
[INFO] 
[INFO] --- maven-resources-plugin:2.6:resources (default-resources) @ hanfu-group-center ---
[WARNING] Using platform encoding (ANSI_X3.4-1968 actually) to copy filtered resources, i.e. build is platform dependent!
[INFO] Copying 7 resources
[INFO] 
[INFO] --- maven-compiler-plugin:3.1:compile (default-compile) @ hanfu-group-center ---
[INFO] Nothing to compile - all classes are up to date
[INFO] 
[INFO] --- maven-resources-plugin:2.6:testResources (default-testResources) @ hanfu-group-center ---
[WARNING] Using platform encoding (ANSI_X3.4-1968 actually) to copy filtered resources, i.e. build is platform dependent!
[INFO] skip non existing resourceDirectory /home/hanfu/project/hanfu/hanfu-group-center/src/test/resources
[INFO] 
[INFO] --- maven-compiler-plugin:3.1:testCompile (default-testCompile) @ hanfu-group-center ---
[INFO] No sources to compile
[INFO] 
[INFO] <<< spring-boot-maven-plugin:2.2.2.RELEASE:run (default-cli) < test-compile @ hanfu-group-center <<<
[INFO] 
[INFO] 
[INFO] --- spring-boot-maven-plugin:2.2.2.RELEASE:run (default-cli) @ hanfu-group-center ---
[INFO] Attaching agents: []
SLF4J: Class path contains multiple SLF4J bindings.
SLF4J: Found binding in [jar:file:/home/hanfu/.m2/repository/ch/qos/logback/logback-classic/1.2.3/logback-classic-1.2.3.jar!/org/slf4j/impl/StaticLoggerBinder.class]
SLF4J: Found binding in [jar:file:/home/hanfu/.m2/repository/org/slf4j/slf4j-log4j12/1.7.26/slf4j-log4j12-1.7.26.jar!/org/slf4j/impl/StaticLoggerBinder.class]
SLF4J: Found binding in [jar:file:/home/hanfu/.m2/repository/org/apache/logging/log4j/log4j-slf4j-impl/2.11.2/log4j-slf4j-impl-2.11.2.jar!/org/slf4j/impl/StaticLoggerBinder.class]
SLF4J: See http://www.slf4j.org/codes.html#multiple_bindings for an explanation.
SLF4J: Actual binding is of type [ch.qos.logback.classic.util.ContextSelectorStaticBinder]
log4j:WARN No appenders could be found for logger (org.apache.dubbo.common.logger.LoggerFactory).
log4j:WARN Please initialize the log4j system properly.
log4j:WARN See http://logging.apache.org/log4j/1.2/faq.html#noconfig for more info.
2020-01-11 00:17:34.025  INFO 26005 --- [           main] d.s.b.c.e.WelcomeLogoApplicationListener : 

 :: Dubbo Spring Boot (v2.7.3) : https://github.com/apache/dubbo-spring-boot-project
 :: Dubbo (v2.7.3) : https://github.com/apache/incubator-dubbo
 :: Discuss group : dev@dubbo.apache.org

2020-01-11 00:17:34.031  INFO 26005 --- [           main] e.OverrideDubboConfigApplicationListener : Dubbo Config was overridden by externalized configuration {dubbo.application.name=hanfu-product-center, dubbo.application.qos-enable=false, dubbo.config.multiple=true, dubbo.metadata-report.address=zookeeper://47.105.72.216:2181, dubbo.protocol.id=dubbo, dubbo.protocol.name=dubbo, dubbo.protocol.port=1899, dubbo.provider.server=netty4, dubbo.registry.address=47.105.72.216:2181, dubbo.registry.client=curator, dubbo.registry.id=dubboProductServer, dubbo.registry.protocol=zookeeper}

  .   ____          _            __ _ _
 /\\ / ___'_ __ _ _(_)_ __  __ _ \ \ \ \
( ( )\___ | '_ | '_| | '_ \/ _` | \ \ \ \
 \\/  ___)| |_)| | | | | || (_| |  ) ) ) )
  '  |____| .__|_| |_|_| |_\__, | / / / /
 =========|_|==============|___/=/_/_/_/
 :: Spring Boot ::        (v2.1.7.RELEASE)

2020-01-11 00:17:34.145  INFO 26005 --- [           main] com.hanfu.group.center.GroupApplication  : Starting GroupApplication on iZ8vb5lq7zcx56jn12h1ufZ with PID 26005 (/home/hanfu/project/hanfu/hanfu-group-center/target/classes started by hanfu in /home/hanfu/project/hanfu/hanfu-group-center)
2020-01-11 00:17:34.146  INFO 26005 --- [           main] com.hanfu.group.center.GroupApplication  : No active profile set, falling back to default profiles: default
2020-01-11 00:17:34.895  INFO 26005 --- [           main] .a.d.c.s.c.a.DubboConfigBindingRegistrar : The dubbo config bean definition [name : org.apache.dubbo.config.ApplicationConfig#0, class : org.apache.dubbo.config.ApplicationConfig] has been registered.
2020-01-11 00:17:34.896  INFO 26005 --- [           main] .a.d.c.s.c.a.DubboConfigBindingRegistrar : The BeanPostProcessor bean definition [org.apache.dubbo.config.spring.beans.factory.annotation.DubboConfigBindingBeanPostProcessor] for dubbo config bean [name : org.apache.dubbo.config.ApplicationConfig#0] has been registered.
2020-01-11 00:17:34.896  INFO 26005 --- [           main] .a.d.c.s.c.a.DubboConfigBindingRegistrar : The dubbo config bean definition [name : dubboProductServer, class : org.apache.dubbo.config.RegistryConfig] has been registered.
2020-01-11 00:17:34.896  INFO 26005 --- [           main] .a.d.c.s.c.a.DubboConfigBindingRegistrar : The BeanPostProcessor bean definition [org.apache.dubbo.config.spring.beans.factory.annotation.DubboConfigBindingBeanPostProcessor] for dubbo config bean [name : dubboProductServer] has been registered.
2020-01-11 00:17:34.896  INFO 26005 --- [           main] .a.d.c.s.c.a.DubboConfigBindingRegistrar : The dubbo config bean definition [name : dubbo, class : org.apache.dubbo.config.ProtocolConfig] has been registered.
2020-01-11 00:17:34.896  INFO 26005 --- [           main] .a.d.c.s.c.a.DubboConfigBindingRegistrar : The BeanPostProcessor bean definition [org.apache.dubbo.config.spring.beans.factory.annotation.DubboConfigBindingBeanPostProcessor] for dubbo config bean [name : dubbo] has been registered.
2020-01-11 00:17:34.897  INFO 26005 --- [           main] .a.d.c.s.c.a.DubboConfigBindingRegistrar : The dubbo config bean definition [name : org.apache.dubbo.config.ProviderConfig#0, class : org.apache.dubbo.config.ProviderConfig] has been registered.
2020-01-11 00:17:34.897  INFO 26005 --- [           main] .a.d.c.s.c.a.DubboConfigBindingRegistrar : The BeanPostProcessor bean definition [org.apache.dubbo.config.spring.beans.factory.annotation.DubboConfigBindingBeanPostProcessor] for dubbo config bean [name : org.apache.dubbo.config.ProviderConfig#0] has been registered.
2020-01-11 00:17:34.897  INFO 26005 --- [           main] .a.d.c.s.c.a.DubboConfigBindingRegistrar : The dubbo config bean definition [name : org.apache.dubbo.config.MetadataReportConfig#0, class : org.apache.dubbo.config.MetadataReportConfig] has been registered.
2020-01-11 00:17:34.897  INFO 26005 --- [           main] .a.d.c.s.c.a.DubboConfigBindingRegistrar : The BeanPostProcessor bean definition [org.apache.dubbo.config.spring.beans.factory.annotation.DubboConfigBindingBeanPostProcessor] for dubbo config bean [name : org.apache.dubbo.config.MetadataReportConfig#0] has been registered.
2020-01-11 00:17:34.934  INFO 26005 --- [           main] .s.d.r.c.RepositoryConfigurationDelegate : Multiple Spring Data modules found, entering strict repository configuration mode!
2020-01-11 00:17:34.935  INFO 26005 --- [           main] .s.d.r.c.RepositoryConfigurationDelegate : Bootstrapping Spring Data repositories in DEFAULT mode.
2020-01-11 00:17:34.961  INFO 26005 --- [           main] .s.d.r.c.RepositoryConfigurationDelegate : Finished Spring Data repository scanning in 17ms. Found 0 repository interfaces.
2020-01-11 00:17:35.192  INFO 26005 --- [           main] trationDelegate$BeanPostProcessorChecker : Bean 'org.apache.dubbo.spring.boot.autoconfigure.DubboAutoConfiguration' of type [org.apache.dubbo.spring.boot.autoconfigure.DubboAutoConfiguration$$EnhancerBySpringCGLIB$$5c40213f] is not eligible for getting processed by all BeanPostProcessors (for example: not eligible for auto-proxying)
2020-01-11 00:17:35.286  INFO 26005 --- [           main] trationDelegate$BeanPostProcessorChecker : Bean 'org.springframework.transaction.annotation.ProxyTransactionManagementConfiguration' of type [org.springframework.transaction.annotation.ProxyTransactionManagementConfiguration$$EnhancerBySpringCGLIB$$2e4bf7d9] is not eligible for getting processed by all BeanPostProcessors (for example: not eligible for auto-proxying)
2020-01-11 00:17:35.330  INFO 26005 --- [           main] trationDelegate$BeanPostProcessorChecker : Bean 'org.apache.dubbo.spring.boot.autoconfigure.DubboRelaxedBinding2AutoConfiguration' of type [org.apache.dubbo.spring.boot.autoconfigure.DubboRelaxedBinding2AutoConfiguration$$EnhancerBySpringCGLIB$$ecfa460f] is not eligible for getting processed by all BeanPostProcessors (for example: not eligible for auto-proxying)
2020-01-11 00:17:35.338  INFO 26005 --- [           main] trationDelegate$BeanPostProcessorChecker : Bean 'relaxedDubboConfigBinder' of type [org.apache.dubbo.spring.boot.autoconfigure.BinderDubboConfigBinder] is not eligible for getting processed by all BeanPostProcessors (for example: not eligible for auto-proxying)
2020-01-11 00:17:35.345  INFO 26005 --- [           main] trationDelegate$BeanPostProcessorChecker : Bean 'relaxedDubboConfigBinder' of type [org.apache.dubbo.spring.boot.autoconfigure.BinderDubboConfigBinder] is not eligible for getting processed by all BeanPostProcessors (for example: not eligible for auto-proxying)
2020-01-11 00:17:35.349  INFO 26005 --- [           main] trationDelegate$BeanPostProcessorChecker : Bean 'relaxedDubboConfigBinder' of type [org.apache.dubbo.spring.boot.autoconfigure.BinderDubboConfigBinder] is not eligible for getting processed by all BeanPostProcessors (for example: not eligible for auto-proxying)
2020-01-11 00:17:35.353  INFO 26005 --- [           main] trationDelegate$BeanPostProcessorChecker : Bean 'relaxedDubboConfigBinder' of type [org.apache.dubbo.spring.boot.autoconfigure.BinderDubboConfigBinder] is not eligible for getting processed by all BeanPostProcessors (for example: not eligible for auto-proxying)
2020-01-11 00:17:35.356  INFO 26005 --- [           main] trationDelegate$BeanPostProcessorChecker : Bean 'relaxedDubboConfigBinder' of type [org.apache.dubbo.spring.boot.autoconfigure.BinderDubboConfigBinder] is not eligible for getting processed by all BeanPostProcessors (for example: not eligible for auto-proxying)
2020-01-11 00:17:35.597  INFO 26005 --- [           main] o.s.b.w.embedded.tomcat.TomcatWebServer  : Tomcat initialized with port(s): 9911 (http)
2020-01-11 00:17:35.616  INFO 26005 --- [           main] o.apache.catalina.core.StandardService   : Starting service [Tomcat]
2020-01-11 00:17:35.617  INFO 26005 --- [           main] org.apache.catalina.core.StandardEngine  : Starting Servlet engine: [Apache Tomcat/9.0.22]
2020-01-11 00:17:35.705  INFO 26005 --- [           main] o.a.c.c.C.[Tomcat].[localhost].[/]       : Initializing Spring embedded WebApplicationContext
2020-01-11 00:17:35.705  INFO 26005 --- [           main] o.s.web.context.ContextLoader            : Root WebApplicationContext: initialization completed in 1517 ms
2020-01-11 00:17:36.124  WARN 26005 --- [           main] ConfigServletWebServerApplicationContext : Exception encountered during context initialization - cancelling refresh attempt: org.springframework.beans.factory.UnsatisfiedDependencyException: Error creating bean with name 'groupController': Unsatisfied dependency expressed through field 'hfGoodsService'; nested exception is org.springframework.beans.factory.NoSuchBeanDefinitionException: No qualifying bean of type 'com.hanfu.group.center.service.HfGoodsService' available: expected at least 1 bean which qualifies as autowire candidate. Dependency annotations: {@org.springframework.beans.factory.annotation.Autowired(required=true)}
2020-01-11 00:17:36.125  INFO 26005 --- [           main] f.a.ReferenceAnnotationBeanPostProcessor : class org.apache.dubbo.config.spring.beans.factory.annotation.ReferenceAnnotationBeanPostProcessor was destroying!
2020-01-11 00:17:36.128  INFO 26005 --- [           main] o.apache.catalina.core.StandardService   : Stopping service [Tomcat]
2020-01-11 00:17:36.140  INFO 26005 --- [           main] ConditionEvaluationReportLoggingListener : 

Error starting ApplicationContext. To display the conditions report re-run your application with 'debug' enabled.
2020-01-11 00:17:36.229 ERROR 26005 --- [           main] o.s.b.d.LoggingFailureAnalysisReporter   : 

***************************
APPLICATION FAILED TO START
***************************

Description:

Field hfGoodsService in com.hanfu.group.center.controller.GroupController required a bean of type 'com.hanfu.group.center.service.HfGoodsService' that could not be found.

The injection point has the following annotations:
	- @org.springframework.beans.factory.annotation.Autowired(required=true)


Action:

Consider defining a bean of type 'com.hanfu.group.center.service.HfGoodsService' in your configuration.

[INFO] ------------------------------------------------------------------------
[INFO] BUILD FAILURE
[INFO] ------------------------------------------------------------------------
[INFO] Total time:  4.834 s
[INFO] Finished at: 2020-01-11T00:17:36+08:00
[INFO] ------------------------------------------------------------------------
[ERROR] Failed to execute goal org.springframework.boot:spring-boot-maven-plugin:2.2.2.RELEASE:run (default-cli) on project hanfu-group-center: Application finished with exit code: 1 -> [Help 1]
[ERROR] 
[ERROR] To see the full stack trace of the errors, re-run Maven with the -e switch.
[ERROR] Re-run Maven using the -X switch to enable full debug logging.
[ERROR] 
[ERROR] For more information about the errors and possible solutions, please read the following articles:
[ERROR] [Help 1] http://cwiki.apache.org/confluence/display/MAVEN/MojoExecutionException
