2019-12-16 10:49:47.800  INFO 23184 --- [main] d.s.b.c.e.WelcomeLogoApplicationListener : 

 :: Dubbo Spring Boot (v2.7.3) : https://github.com/apache/dubbo-spring-boot-project
 :: Dubbo (v2.7.3) : https://github.com/apache/incubator-dubbo
 :: Discuss group : dev@dubbo.apache.org

2019-12-16 10:49:47.805  INFO 23184 --- [main] e.OverrideDubboConfigApplicationListener : Dubbo Config was overridden by externalized configuration {dubbo.application.qos-enable=false, dubbo.config.multiple=true}
2019-12-16 10:49:47.966  INFO 23184 --- [main] com.hanfu.cart.center.Application        : Starting Application on DESKTOP-43SKEQG with PID 23184 (D:\hanfu\hanfu-cart-center\target\classes started by 123 in D:\hanfu\hanfu-cart-center)
2019-12-16 10:49:47.968  INFO 23184 --- [main] com.hanfu.cart.center.Application        : No active profile set, falling back to default profiles: default
2019-12-16 10:49:49.049  INFO 23184 --- [main] .a.d.c.s.c.a.DubboConfigBindingRegistrar : The dubbo config bean definition [name : org.apache.dubbo.config.ApplicationConfig#0, class : org.apache.dubbo.config.ApplicationConfig] has been registered.
2019-12-16 10:49:49.050  INFO 23184 --- [main] .a.d.c.s.c.a.DubboConfigBindingRegistrar : The BeanPostProcessor bean definition [org.apache.dubbo.config.spring.beans.factory.annotation.DubboConfigBindingBeanPostProcessor] for dubbo config bean [name : org.apache.dubbo.config.ApplicationConfig#0] has been registered.
2019-12-16 10:49:49.122  INFO 23184 --- [main] .s.d.r.c.RepositoryConfigurationDelegate : Multiple Spring Data modules found, entering strict repository configuration mode!
2019-12-16 10:49:49.126  INFO 23184 --- [main] .s.d.r.c.RepositoryConfigurationDelegate : Bootstrapping Spring Data repositories in DEFAULT mode.
2019-12-16 10:49:49.159  INFO 23184 --- [main] .s.d.r.c.RepositoryConfigurationDelegate : Finished Spring Data repository scanning in 22ms. Found 0 repository interfaces.
2019-12-16 10:49:49.324  WARN 23184 --- [main] o.m.s.mapper.ClassPathMapperScanner      : No MyBatis mapper was found in '[com.hanfu.cart.center.dao]' package. Please check your configuration.
2019-12-16 10:49:49.538  INFO 23184 --- [main] trationDelegate$BeanPostProcessorChecker : Bean 'org.apache.dubbo.spring.boot.autoconfigure.DubboAutoConfiguration' of type [org.apache.dubbo.spring.boot.autoconfigure.DubboAutoConfiguration$$EnhancerBySpringCGLIB$$7112428d] is not eligible for getting processed by all BeanPostProcessors (for example: not eligible for auto-proxying)
2019-12-16 10:49:49.648  INFO 23184 --- [main] trationDelegate$BeanPostProcessorChecker : Bean 'org.springframework.transaction.annotation.ProxyTransactionManagementConfiguration' of type [org.springframework.transaction.annotation.ProxyTransactionManagementConfiguration$$EnhancerBySpringCGLIB$$431e1927] is not eligible for getting processed by all BeanPostProcessors (for example: not eligible for auto-proxying)
2019-12-16 10:49:49.700  INFO 23184 --- [main] trationDelegate$BeanPostProcessorChecker : Bean 'org.apache.dubbo.spring.boot.autoconfigure.DubboRelaxedBinding2AutoConfiguration' of type [org.apache.dubbo.spring.boot.autoconfigure.DubboRelaxedBinding2AutoConfiguration$$EnhancerBySpringCGLIB$$1cc675d] is not eligible for getting processed by all BeanPostProcessors (for example: not eligible for auto-proxying)
2019-12-16 10:49:49.707  INFO 23184 --- [main] trationDelegate$BeanPostProcessorChecker : Bean 'relaxedDubboConfigBinder' of type [org.apache.dubbo.spring.boot.autoconfigure.BinderDubboConfigBinder] is not eligible for getting processed by all BeanPostProcessors (for example: not eligible for auto-proxying)
2019-12-16 10:49:53.008  INFO 23184 --- [main] o.s.b.w.embedded.tomcat.TomcatWebServer  : Tomcat initialized with port(s): 8082 (http)
2019-12-16 10:49:53.038  INFO 23184 --- [main] o.apache.catalina.core.StandardService   : Starting service [Tomcat]
2019-12-16 10:49:53.038  INFO 23184 --- [main] org.apache.catalina.core.StandardEngine  : Starting Servlet engine: [Apache Tomcat/9.0.22]
2019-12-16 10:49:53.367  INFO 23184 --- [main] o.a.c.c.C.[Tomcat].[localhost].[/]       : Initializing Spring embedded WebApplicationContext
2019-12-16 10:49:53.368  INFO 23184 --- [main] o.s.web.context.ContextLoader            : Root WebApplicationContext: initialization completed in 5347 ms
2019-12-16 10:49:54.193  INFO 23184 --- [main] pertySourcedRequestMappingHandlerMapping : Mapped URL path [/v2/api-docs] onto method [public org.springframework.http.ResponseEntity<springfox.documentation.spring.web.json.Json> springfox.documentation.swagger2.web.Swagger2Controller.getDocumentation(java.lang.String,javax.servlet.http.HttpServletRequest)]
2019-12-16 10:49:54.738  INFO 23184 --- [main] o.s.s.concurrent.ThreadPoolTaskExecutor  : Initializing ExecutorService 'applicationTaskExecutor'
2019-12-16 10:49:54.934  INFO 23184 --- [main] .f.a.DubboConfigBindingBeanPostProcessor : The properties of bean [name : org.apache.dubbo.config.ApplicationConfig#0] have been binding by prefix of configuration properties : dubbo.application
2019-12-16 10:49:56.117  INFO 23184 --- [main] o.s.s.c.ThreadPoolTaskScheduler          : Initializing ExecutorService 'taskScheduler'
2019-12-16 10:49:56.211  INFO 23184 --- [main] d.s.w.p.DocumentationPluginsBootstrapper : Context refreshed
2019-12-16 10:49:56.253  INFO 23184 --- [main] d.s.w.p.DocumentationPluginsBootstrapper : Found 1 custom documentation plugin(s)
2019-12-16 10:49:56.310  INFO 23184 --- [main] s.d.s.w.s.ApiListingReferenceScanner     : Scanning for api listing references
2019-12-16 10:49:56.406 ERROR 23184 --- [main] org.apache.catalina.util.LifecycleBase   : Failed to start component [Connector[HTTP/1.1-8082]]

org.apache.catalina.LifecycleException: Protocol handler start failed
	at org.apache.catalina.connector.Connector.startInternal(Connector.java:1008) ~[tomcat-embed-core-9.0.22.jar:9.0.22]
	at org.apache.catalina.util.LifecycleBase.start(LifecycleBase.java:183) ~[tomcat-embed-core-9.0.22.jar:9.0.22]
	at org.apache.catalina.core.StandardService.addConnector(StandardService.java:227) ~[tomcat-embed-core-9.0.22.jar:9.0.22]
	at org.springframework.boot.web.embedded.tomcat.TomcatWebServer.addPreviouslyRemovedConnectors(TomcatWebServer.java:263) ~[spring-boot-2.1.7.RELEASE.jar:2.1.7.RELEASE]
	at org.springframework.boot.web.embedded.tomcat.TomcatWebServer.start(TomcatWebServer.java:195) ~[spring-boot-2.1.7.RELEASE.jar:2.1.7.RELEASE]
	at org.springframework.boot.web.servlet.context.ServletWebServerApplicationContext.startWebServer(ServletWebServerApplicationContext.java:297) ~[spring-boot-2.1.7.RELEASE.jar:2.1.7.RELEASE]
	at org.springframework.boot.web.servlet.context.ServletWebServerApplicationContext.finishRefresh(ServletWebServerApplicationContext.java:163) ~[spring-boot-2.1.7.RELEASE.jar:2.1.7.RELEASE]
	at org.springframework.context.support.AbstractApplicationContext.refresh(AbstractApplicationContext.java:552) ~[spring-context-5.1.9.RELEASE.jar:5.1.9.RELEASE]
	at org.springframework.boot.web.servlet.context.ServletWebServerApplicationContext.refresh(ServletWebServerApplicationContext.java:141) ~[spring-boot-2.1.7.RELEASE.jar:2.1.7.RELEASE]
	at org.springframework.boot.SpringApplication.refresh(SpringApplication.java:743) ~[spring-boot-2.1.7.RELEASE.jar:2.1.7.RELEASE]
	at org.springframework.boot.SpringApplication.refreshContext(SpringApplication.java:390) ~[spring-boot-2.1.7.RELEASE.jar:2.1.7.RELEASE]
	at org.springframework.boot.SpringApplication.run(SpringApplication.java:312) ~[spring-boot-2.1.7.RELEASE.jar:2.1.7.RELEASE]
	at org.springframework.boot.SpringApplication.run(SpringApplication.java:1214) ~[spring-boot-2.1.7.RELEASE.jar:2.1.7.RELEASE]
	at org.springframework.boot.SpringApplication.run(SpringApplication.java:1203) ~[spring-boot-2.1.7.RELEASE.jar:2.1.7.RELEASE]
	at com.hanfu.cart.center.Application.main(Application.java:18) ~[classes/:na]
Caused by: java.net.BindException: Address already in use: bind
	at java.base/sun.nio.ch.Net.bind0(Native Method) ~[na:na]
	at java.base/sun.nio.ch.Net.bind(Net.java:461) ~[na:na]
	at java.base/sun.nio.ch.Net.bind(Net.java:453) ~[na:na]
	at java.base/sun.nio.ch.ServerSocketChannelImpl.bind(ServerSocketChannelImpl.java:227) ~[na:na]
	at java.base/sun.nio.ch.ServerSocketAdaptor.bind(ServerSocketAdaptor.java:80) ~[na:na]
	at org.apache.tomcat.util.net.NioEndpoint.initServerSocket(NioEndpoint.java:230) ~[tomcat-embed-core-9.0.22.jar:9.0.22]
	at org.apache.tomcat.util.net.NioEndpoint.bind(NioEndpoint.java:213) ~[tomcat-embed-core-9.0.22.jar:9.0.22]
	at org.apache.tomcat.util.net.AbstractEndpoint.bindWithCleanup(AbstractEndpoint.java:1124) ~[tomcat-embed-core-9.0.22.jar:9.0.22]
	at org.apache.tomcat.util.net.AbstractEndpoint.start(AbstractEndpoint.java:1210) ~[tomcat-embed-core-9.0.22.jar:9.0.22]
	at org.apache.coyote.AbstractProtocol.start(AbstractProtocol.java:585) ~[tomcat-embed-core-9.0.22.jar:9.0.22]
	at org.apache.catalina.connector.Connector.startInternal(Connector.java:1005) ~[tomcat-embed-core-9.0.22.jar:9.0.22]
	... 14 common frames omitted

2019-12-16 10:49:56.416  INFO 23184 --- [main] o.apache.catalina.core.StandardService   : Stopping service [Tomcat]
2019-12-16 10:49:56.442  INFO 23184 --- [main] ConditionEvaluationReportLoggingListener : 

Error starting ApplicationContext. To display the conditions report re-run your application with 'debug' enabled.
2019-12-16 10:49:56.444 ERROR 23184 --- [main] o.s.b.d.LoggingFailureAnalysisReporter   : 

***************************
APPLICATION FAILED TO START
***************************

Description:

The Tomcat connector configured to listen on port 8082 failed to start. The port may already be in use or the connector may be misconfigured.

Action:

Verify the connector's configuration, identify and stop any process that's listening on port 8082, or configure this application to listen on another port.

2019-12-16 10:49:56.448  INFO 23184 --- [main] .b.c.e.AwaitingNonWebApplicationListener :  [Dubbo] Current Spring Boot Application is about to shutdown...
2019-12-16 10:49:56.450  INFO 23184 --- [main] o.s.s.c.ThreadPoolTaskScheduler          : Shutting down ExecutorService 'taskScheduler'
2019-12-16 10:49:56.549  INFO 23184 --- [main] o.s.s.concurrent.ThreadPoolTaskExecutor  : Shutting down ExecutorService 'applicationTaskExecutor'
2019-12-16 10:49:56.551  INFO 23184 --- [main] f.a.ReferenceAnnotationBeanPostProcessor : class org.apache.dubbo.config.spring.beans.factory.annotation.ReferenceAnnotationBeanPostProcessor was destroying!
2019-12-16 10:50:33.464  INFO 15484 --- [main] d.s.b.c.e.WelcomeLogoApplicationListener : 

 :: Dubbo Spring Boot (v2.7.3) : https://github.com/apache/dubbo-spring-boot-project
 :: Dubbo (v2.7.3) : https://github.com/apache/incubator-dubbo
 :: Discuss group : dev@dubbo.apache.org

2019-12-16 10:50:33.468  INFO 15484 --- [main] e.OverrideDubboConfigApplicationListener : Dubbo Config was overridden by externalized configuration {dubbo.application.qos-enable=false, dubbo.config.multiple=true}
2019-12-16 10:50:33.615  INFO 15484 --- [main] com.hanfu.cart.center.Application        : Starting Application on DESKTOP-43SKEQG with PID 15484 (D:\hanfu\hanfu-cart-center\target\classes started by 123 in D:\hanfu\hanfu-cart-center)
2019-12-16 10:50:33.616  INFO 15484 --- [main] com.hanfu.cart.center.Application        : No active profile set, falling back to default profiles: default
2019-12-16 10:50:34.575  INFO 15484 --- [main] .a.d.c.s.c.a.DubboConfigBindingRegistrar : The dubbo config bean definition [name : org.apache.dubbo.config.ApplicationConfig#0, class : org.apache.dubbo.config.ApplicationConfig] has been registered.
2019-12-16 10:50:34.576  INFO 15484 --- [main] .a.d.c.s.c.a.DubboConfigBindingRegistrar : The BeanPostProcessor bean definition [org.apache.dubbo.config.spring.beans.factory.annotation.DubboConfigBindingBeanPostProcessor] for dubbo config bean [name : org.apache.dubbo.config.ApplicationConfig#0] has been registered.
2019-12-16 10:50:34.636  INFO 15484 --- [main] .s.d.r.c.RepositoryConfigurationDelegate : Multiple Spring Data modules found, entering strict repository configuration mode!
2019-12-16 10:50:34.639  INFO 15484 --- [main] .s.d.r.c.RepositoryConfigurationDelegate : Bootstrapping Spring Data repositories in DEFAULT mode.
2019-12-16 10:50:34.671  INFO 15484 --- [main] .s.d.r.c.RepositoryConfigurationDelegate : Finished Spring Data repository scanning in 16ms. Found 0 repository interfaces.
2019-12-16 10:50:34.829  WARN 15484 --- [main] o.m.s.mapper.ClassPathMapperScanner      : No MyBatis mapper was found in '[com.hanfu.cart.center.dao]' package. Please check your configuration.
2019-12-16 10:50:35.017  INFO 15484 --- [main] trationDelegate$BeanPostProcessorChecker : Bean 'org.apache.dubbo.spring.boot.autoconfigure.DubboAutoConfiguration' of type [org.apache.dubbo.spring.boot.autoconfigure.DubboAutoConfiguration$$EnhancerBySpringCGLIB$$46d62953] is not eligible for getting processed by all BeanPostProcessors (for example: not eligible for auto-proxying)
2019-12-16 10:50:35.116  INFO 15484 --- [main] trationDelegate$BeanPostProcessorChecker : Bean 'org.springframework.transaction.annotation.ProxyTransactionManagementConfiguration' of type [org.springframework.transaction.annotation.ProxyTransactionManagementConfiguration$$EnhancerBySpringCGLIB$$18e1ffed] is not eligible for getting processed by all BeanPostProcessors (for example: not eligible for auto-proxying)
2019-12-16 10:50:35.163  INFO 15484 --- [main] trationDelegate$BeanPostProcessorChecker : Bean 'org.apache.dubbo.spring.boot.autoconfigure.DubboRelaxedBinding2AutoConfiguration' of type [org.apache.dubbo.spring.boot.autoconfigure.DubboRelaxedBinding2AutoConfiguration$$EnhancerBySpringCGLIB$$d7904e23] is not eligible for getting processed by all BeanPostProcessors (for example: not eligible for auto-proxying)
2019-12-16 10:50:35.172  INFO 15484 --- [main] trationDelegate$BeanPostProcessorChecker : Bean 'relaxedDubboConfigBinder' of type [org.apache.dubbo.spring.boot.autoconfigure.BinderDubboConfigBinder] is not eligible for getting processed by all BeanPostProcessors (for example: not eligible for auto-proxying)
2019-12-16 10:50:35.829  INFO 15484 --- [main] o.s.b.w.embedded.tomcat.TomcatWebServer  : Tomcat initialized with port(s): 9098 (http)
2019-12-16 10:50:35.858  INFO 15484 --- [main] o.apache.catalina.core.StandardService   : Starting service [Tomcat]
2019-12-16 10:50:35.859  INFO 15484 --- [main] org.apache.catalina.core.StandardEngine  : Starting Servlet engine: [Apache Tomcat/9.0.22]
2019-12-16 10:50:36.029  INFO 15484 --- [main] o.a.c.c.C.[Tomcat].[localhost].[/]       : Initializing Spring embedded WebApplicationContext
2019-12-16 10:50:36.030  INFO 15484 --- [main] o.s.web.context.ContextLoader            : Root WebApplicationContext: initialization completed in 2367 ms
2019-12-16 10:50:36.767  INFO 15484 --- [main] pertySourcedRequestMappingHandlerMapping : Mapped URL path [/v2/api-docs] onto method [public org.springframework.http.ResponseEntity<springfox.documentation.spring.web.json.Json> springfox.documentation.swagger2.web.Swagger2Controller.getDocumentation(java.lang.String,javax.servlet.http.HttpServletRequest)]
2019-12-16 10:50:37.115  INFO 15484 --- [main] o.s.s.concurrent.ThreadPoolTaskExecutor  : Initializing ExecutorService 'applicationTaskExecutor'
2019-12-16 10:50:37.250  INFO 15484 --- [main] .f.a.DubboConfigBindingBeanPostProcessor : The properties of bean [name : org.apache.dubbo.config.ApplicationConfig#0] have been binding by prefix of configuration properties : dubbo.application
2019-12-16 10:50:38.153  INFO 15484 --- [main] o.s.s.c.ThreadPoolTaskScheduler          : Initializing ExecutorService 'taskScheduler'
2019-12-16 10:50:38.245  INFO 15484 --- [main] d.s.w.p.DocumentationPluginsBootstrapper : Context refreshed
2019-12-16 10:50:38.271  INFO 15484 --- [main] d.s.w.p.DocumentationPluginsBootstrapper : Found 1 custom documentation plugin(s)
2019-12-16 10:50:38.302  INFO 15484 --- [main] s.d.s.w.s.ApiListingReferenceScanner     : Scanning for api listing references
2019-12-16 10:50:38.362  INFO 15484 --- [main] o.s.b.w.embedded.tomcat.TomcatWebServer  : Tomcat started on port(s): 9098 (http) with context path ''
2019-12-16 10:50:38.366  INFO 15484 --- [main] com.hanfu.cart.center.Application        : Started Application in 5.318 seconds (JVM running for 5.812)
2019-12-16 11:23:45.186  INFO 10864 --- [main] d.s.b.c.e.WelcomeLogoApplicationListener : 

 :: Dubbo Spring Boot (v2.7.3) : https://github.com/apache/dubbo-spring-boot-project
 :: Dubbo (v2.7.3) : https://github.com/apache/incubator-dubbo
 :: Discuss group : dev@dubbo.apache.org

2019-12-16 11:23:45.198  INFO 10864 --- [main] e.OverrideDubboConfigApplicationListener : Dubbo Config was overridden by externalized configuration {dubbo.application.qos-enable=false, dubbo.config.multiple=true}
2019-12-16 11:23:45.353  INFO 10864 --- [main] com.hanfu.cart.center.Application        : Starting Application on DESKTOP-43SKEQG with PID 10864 (D:\hanfu\hanfu-cart-center\target\classes started by 123 in D:\hanfu\hanfu-cart-center)
2019-12-16 11:23:45.353  INFO 10864 --- [main] com.hanfu.cart.center.Application        : No active profile set, falling back to default profiles: default
2019-12-16 11:23:46.682  INFO 10864 --- [main] .a.d.c.s.c.a.DubboConfigBindingRegistrar : The dubbo config bean definition [name : org.apache.dubbo.config.ApplicationConfig#0, class : org.apache.dubbo.config.ApplicationConfig] has been registered.
2019-12-16 11:23:46.683  INFO 10864 --- [main] .a.d.c.s.c.a.DubboConfigBindingRegistrar : The BeanPostProcessor bean definition [org.apache.dubbo.config.spring.beans.factory.annotation.DubboConfigBindingBeanPostProcessor] for dubbo config bean [name : org.apache.dubbo.config.ApplicationConfig#0] has been registered.
2019-12-16 11:23:46.756  INFO 10864 --- [main] .s.d.r.c.RepositoryConfigurationDelegate : Multiple Spring Data modules found, entering strict repository configuration mode!
2019-12-16 11:23:46.758  INFO 10864 --- [main] .s.d.r.c.RepositoryConfigurationDelegate : Bootstrapping Spring Data repositories in DEFAULT mode.
2019-12-16 11:23:46.791  INFO 10864 --- [main] .s.d.r.c.RepositoryConfigurationDelegate : Finished Spring Data repository scanning in 15ms. Found 0 repository interfaces.
2019-12-16 11:23:47.124  INFO 10864 --- [main] trationDelegate$BeanPostProcessorChecker : Bean 'org.apache.dubbo.spring.boot.autoconfigure.DubboAutoConfiguration' of type [org.apache.dubbo.spring.boot.autoconfigure.DubboAutoConfiguration$$EnhancerBySpringCGLIB$$5508cbb7] is not eligible for getting processed by all BeanPostProcessors (for example: not eligible for auto-proxying)
2019-12-16 11:23:47.236  INFO 10864 --- [main] trationDelegate$BeanPostProcessorChecker : Bean 'org.springframework.transaction.annotation.ProxyTransactionManagementConfiguration' of type [org.springframework.transaction.annotation.ProxyTransactionManagementConfiguration$$EnhancerBySpringCGLIB$$2714a251] is not eligible for getting processed by all BeanPostProcessors (for example: not eligible for auto-proxying)
2019-12-16 11:23:47.288  INFO 10864 --- [main] trationDelegate$BeanPostProcessorChecker : Bean 'org.apache.dubbo.spring.boot.autoconfigure.DubboRelaxedBinding2AutoConfiguration' of type [org.apache.dubbo.spring.boot.autoconfigure.DubboRelaxedBinding2AutoConfiguration$$EnhancerBySpringCGLIB$$e5c2f087] is not eligible for getting processed by all BeanPostProcessors (for example: not eligible for auto-proxying)
2019-12-16 11:23:47.296  INFO 10864 --- [main] trationDelegate$BeanPostProcessorChecker : Bean 'relaxedDubboConfigBinder' of type [org.apache.dubbo.spring.boot.autoconfigure.BinderDubboConfigBinder] is not eligible for getting processed by all BeanPostProcessors (for example: not eligible for auto-proxying)
2019-12-16 11:23:49.661  INFO 10864 --- [main] o.s.b.w.embedded.tomcat.TomcatWebServer  : Tomcat initialized with port(s): 9098 (http)
2019-12-16 11:23:49.693  INFO 10864 --- [main] o.apache.catalina.core.StandardService   : Starting service [Tomcat]
2019-12-16 11:23:49.693  INFO 10864 --- [main] org.apache.catalina.core.StandardEngine  : Starting Servlet engine: [Apache Tomcat/9.0.22]
2019-12-16 11:23:49.921  INFO 10864 --- [main] o.a.c.c.C.[Tomcat].[localhost].[/]       : Initializing Spring embedded WebApplicationContext
2019-12-16 11:23:49.922  INFO 10864 --- [main] o.s.web.context.ContextLoader            : Root WebApplicationContext: initialization completed in 4517 ms
2019-12-16 11:23:50.117  WARN 10864 --- [main] ConfigServletWebServerApplicationContext : Exception encountered during context initialization - cancelling refresh attempt: org.springframework.beans.factory.UnsatisfiedDependencyException: Error creating bean with name 'cartCenterController': Unsatisfied dependency expressed through field 'cartService'; nested exception is org.springframework.beans.factory.UnsatisfiedDependencyException: Error creating bean with name 'cartServiceImpl': Unsatisfied dependency expressed through field 'redisService'; nested exception is org.springframework.beans.factory.UnsatisfiedDependencyException: Error creating bean with name 'redisService': Unsatisfied dependency expressed through field 'jedisPool'; nested exception is org.springframework.beans.factory.NoSuchBeanDefinitionException: No qualifying bean of type 'redis.clients.jedis.JedisPool' available: expected at least 1 bean which qualifies as autowire candidate. Dependency annotations: {@org.springframework.beans.factory.annotation.Autowired(required=true)}
2019-12-16 11:23:50.117  INFO 10864 --- [main] f.a.ReferenceAnnotationBeanPostProcessor : class org.apache.dubbo.config.spring.beans.factory.annotation.ReferenceAnnotationBeanPostProcessor was destroying!
2019-12-16 11:23:50.120  INFO 10864 --- [main] o.apache.catalina.core.StandardService   : Stopping service [Tomcat]
2019-12-16 11:23:50.154  INFO 10864 --- [main] ConditionEvaluationReportLoggingListener : 

Error starting ApplicationContext. To display the conditions report re-run your application with 'debug' enabled.
2019-12-16 11:23:50.360 ERROR 10864 --- [main] o.s.b.d.LoggingFailureAnalysisReporter   : 

***************************
APPLICATION FAILED TO START
***************************

Description:

Field jedisPool in com.hanfu.cart.center.service.RedisService required a bean of type 'redis.clients.jedis.JedisPool' that could not be found.

The injection point has the following annotations:
	- @org.springframework.beans.factory.annotation.Autowired(required=true)


Action:

Consider defining a bean of type 'redis.clients.jedis.JedisPool' in your configuration.

