[INFO] Scanning for projects...
[WARNING] 
[WARNING] Some problems were encountered while building the effective model for com.hanfu.base:hanfu-cart-center:jar:0.0.1-SNAPSHOT
[WARNING] 'dependencies.dependency.(groupId:artifactId:type:classifier)' must be unique: org.mybatis.spring.boot:mybatis-spring-boot-starter:jar -> duplicate declaration of version 2.1.0 @ line 130, column 21
[WARNING] 'build.plugins.plugin.(groupId:artifactId)' must be unique but found duplicate declaration of plugin org.springframework.boot:spring-boot-maven-plugin @ line 50, column 21
[WARNING] 'build.plugins.plugin.version' for org.springframework.boot:spring-boot-maven-plugin is missing. @ line 50, column 21
[WARNING] 
[WARNING] It is highly recommended to fix these problems because they threaten the stability of your build.
[WARNING] 
[WARNING] For this reason, future Maven versions might no longer support building such malformed projects.
[WARNING] 
[INFO] 
[INFO] ------------------< com.hanfu.base:hanfu-cart-center >------------------
[INFO] Building hanfu-cart-center 0.0.1-SNAPSHOT
[INFO] --------------------------------[ jar ]---------------------------------
[INFO] 
[INFO] >>> spring-boot-maven-plugin:2.2.2.RELEASE:run (default-cli) > test-compile @ hanfu-cart-center >>>
[INFO] 
[INFO] --- spring-boot-maven-plugin:2.2.2.RELEASE:build-info (default) @ hanfu-cart-center ---
[INFO] 
[INFO] --- maven-resources-plugin:2.6:resources (default-resources) @ hanfu-cart-center ---
[WARNING] Using platform encoding (ANSI_X3.4-1968 actually) to copy filtered resources, i.e. build is platform dependent!
[INFO] Copying 3 resources
[INFO] 
[INFO] --- maven-compiler-plugin:3.1:compile (default-compile) @ hanfu-cart-center ---
[INFO] Nothing to compile - all classes are up to date
[INFO] 
[INFO] --- maven-resources-plugin:2.6:testResources (default-testResources) @ hanfu-cart-center ---
[WARNING] Using platform encoding (ANSI_X3.4-1968 actually) to copy filtered resources, i.e. build is platform dependent!
[INFO] skip non existing resourceDirectory /home/hanfu/project/hanfu/hanfu-cart-center/src/test/resources
[INFO] 
[INFO] --- maven-compiler-plugin:3.1:testCompile (default-testCompile) @ hanfu-cart-center ---
[INFO] No sources to compile
[INFO] 
[INFO] <<< spring-boot-maven-plugin:2.2.2.RELEASE:run (default-cli) < test-compile @ hanfu-cart-center <<<
[INFO] 
[INFO] 
[INFO] --- spring-boot-maven-plugin:2.2.2.RELEASE:run (default-cli) @ hanfu-cart-center ---
[INFO] Attaching agents: []
SLF4J: Class path contains multiple SLF4J bindings.
SLF4J: Found binding in [jar:file:/home/hanfu/.m2/repository/ch/qos/logback/logback-classic/1.2.3/logback-classic-1.2.3.jar!/org/slf4j/impl/StaticLoggerBinder.class]
SLF4J: Found binding in [jar:file:/home/hanfu/.m2/repository/org/apache/logging/log4j/log4j-slf4j-impl/2.11.2/log4j-slf4j-impl-2.11.2.jar!/org/slf4j/impl/StaticLoggerBinder.class]
SLF4J: See http://www.slf4j.org/codes.html#multiple_bindings for an explanation.
SLF4J: Actual binding is of type [ch.qos.logback.classic.util.ContextSelectorStaticBinder]
log4j:WARN No appenders could be found for logger (org.apache.dubbo.common.logger.LoggerFactory).
log4j:WARN Please initialize the log4j system properly.
log4j:WARN See http://logging.apache.org/log4j/1.2/faq.html#noconfig for more info.
2020-01-09 23:18:22.481  INFO 21130 --- [           main] d.s.b.c.e.WelcomeLogoApplicationListener : 

 :: Dubbo Spring Boot (v2.7.3) : https://github.com/apache/dubbo-spring-boot-project
 :: Dubbo (v2.7.3) : https://github.com/apache/incubator-dubbo
 :: Discuss group : dev@dubbo.apache.org

2020-01-09 23:18:22.486  INFO 21130 --- [           main] e.OverrideDubboConfigApplicationListener : Dubbo Config was overridden by externalized configuration {dubbo.application.name=hanfu-product-center, dubbo.application.qos-enable=false, dubbo.config.multiple=true, dubbo.metadata-report.address=zookeeper://47.105.72.216:2181, dubbo.protocol.id=dubbo, dubbo.protocol.name=dubbo, dubbo.protocol.port=1901, dubbo.provider.server=netty4, dubbo.registry.address=47.105.72.216:2181, dubbo.registry.client=curator, dubbo.registry.id=dubboProductServer, dubbo.registry.protocol=zookeeper}

  .   ____          _            __ _ _
 /\\ / ___'_ __ _ _(_)_ __  __ _ \ \ \ \
( ( )\___ | '_ | '_| | '_ \/ _` | \ \ \ \
 \\/  ___)| |_)| | | | | || (_| |  ) ) ) )
  '  |____| .__|_| |_|_| |_\__, | / / / /
 =========|_|==============|___/=/_/_/_/
 :: Spring Boot ::        (v2.1.7.RELEASE)

2020-01-09 23:18:22.590  INFO 21130 --- [           main] com.hanfu.cart.center.Application        : Starting Application on iZ8vb5lq7zcx56jn12h1ufZ with PID 21130 (/home/hanfu/project/hanfu/hanfu-cart-center/target/classes started by hanfu in /home/hanfu/project/hanfu/hanfu-cart-center)
2020-01-09 23:18:22.591  INFO 21130 --- [           main] com.hanfu.cart.center.Application        : No active profile set, falling back to default profiles: default
2020-01-09 23:18:23.303  INFO 21130 --- [           main] .a.d.c.s.c.a.DubboConfigBindingRegistrar : The dubbo config bean definition [name : org.apache.dubbo.config.ApplicationConfig#0, class : org.apache.dubbo.config.ApplicationConfig] has been registered.
2020-01-09 23:18:23.304  INFO 21130 --- [           main] .a.d.c.s.c.a.DubboConfigBindingRegistrar : The BeanPostProcessor bean definition [org.apache.dubbo.config.spring.beans.factory.annotation.DubboConfigBindingBeanPostProcessor] for dubbo config bean [name : org.apache.dubbo.config.ApplicationConfig#0] has been registered.
2020-01-09 23:18:23.304  INFO 21130 --- [           main] .a.d.c.s.c.a.DubboConfigBindingRegistrar : The dubbo config bean definition [name : dubboProductServer, class : org.apache.dubbo.config.RegistryConfig] has been registered.
2020-01-09 23:18:23.304  INFO 21130 --- [           main] .a.d.c.s.c.a.DubboConfigBindingRegistrar : The BeanPostProcessor bean definition [org.apache.dubbo.config.spring.beans.factory.annotation.DubboConfigBindingBeanPostProcessor] for dubbo config bean [name : dubboProductServer] has been registered.
2020-01-09 23:18:23.304  INFO 21130 --- [           main] .a.d.c.s.c.a.DubboConfigBindingRegistrar : The dubbo config bean definition [name : dubbo, class : org.apache.dubbo.config.ProtocolConfig] has been registered.
2020-01-09 23:18:23.305  INFO 21130 --- [           main] .a.d.c.s.c.a.DubboConfigBindingRegistrar : The BeanPostProcessor bean definition [org.apache.dubbo.config.spring.beans.factory.annotation.DubboConfigBindingBeanPostProcessor] for dubbo config bean [name : dubbo] has been registered.
2020-01-09 23:18:23.305  INFO 21130 --- [           main] .a.d.c.s.c.a.DubboConfigBindingRegistrar : The dubbo config bean definition [name : org.apache.dubbo.config.ProviderConfig#0, class : org.apache.dubbo.config.ProviderConfig] has been registered.
2020-01-09 23:18:23.305  INFO 21130 --- [           main] .a.d.c.s.c.a.DubboConfigBindingRegistrar : The BeanPostProcessor bean definition [org.apache.dubbo.config.spring.beans.factory.annotation.DubboConfigBindingBeanPostProcessor] for dubbo config bean [name : org.apache.dubbo.config.ProviderConfig#0] has been registered.
2020-01-09 23:18:23.305  INFO 21130 --- [           main] .a.d.c.s.c.a.DubboConfigBindingRegistrar : The dubbo config bean definition [name : org.apache.dubbo.config.MetadataReportConfig#0, class : org.apache.dubbo.config.MetadataReportConfig] has been registered.
2020-01-09 23:18:23.305  INFO 21130 --- [           main] .a.d.c.s.c.a.DubboConfigBindingRegistrar : The BeanPostProcessor bean definition [org.apache.dubbo.config.spring.beans.factory.annotation.DubboConfigBindingBeanPostProcessor] for dubbo config bean [name : org.apache.dubbo.config.MetadataReportConfig#0] has been registered.
2020-01-09 23:18:23.345  INFO 21130 --- [           main] .s.d.r.c.RepositoryConfigurationDelegate : Multiple Spring Data modules found, entering strict repository configuration mode!
2020-01-09 23:18:23.346  INFO 21130 --- [           main] .s.d.r.c.RepositoryConfigurationDelegate : Bootstrapping Spring Data repositories in DEFAULT mode.
2020-01-09 23:18:23.368  INFO 21130 --- [           main] .s.d.r.c.RepositoryConfigurationDelegate : Finished Spring Data repository scanning in 13ms. Found 0 repository interfaces.
2020-01-09 23:18:23.453  WARN 21130 --- [           main] o.m.s.mapper.ClassPathMapperScanner      : No MyBatis mapper was found in '[com.hanfu.cart.center.dao]' package. Please check your configuration.
2020-01-09 23:18:23.648  INFO 21130 --- [           main] trationDelegate$BeanPostProcessorChecker : Bean 'org.springframework.transaction.annotation.ProxyTransactionManagementConfiguration' of type [org.springframework.transaction.annotation.ProxyTransactionManagementConfiguration$$EnhancerBySpringCGLIB$$1d436ef9] is not eligible for getting processed by all BeanPostProcessors (for example: not eligible for auto-proxying)
2020-01-09 23:18:23.683  INFO 21130 --- [           main] trationDelegate$BeanPostProcessorChecker : Bean 'org.apache.dubbo.spring.boot.autoconfigure.DubboRelaxedBinding2AutoConfiguration' of type [org.apache.dubbo.spring.boot.autoconfigure.DubboRelaxedBinding2AutoConfiguration$$EnhancerBySpringCGLIB$$dbf1bd2f] is not eligible for getting processed by all BeanPostProcessors (for example: not eligible for auto-proxying)
2020-01-09 23:18:23.689  INFO 21130 --- [           main] trationDelegate$BeanPostProcessorChecker : Bean 'relaxedDubboConfigBinder' of type [org.apache.dubbo.spring.boot.autoconfigure.BinderDubboConfigBinder] is not eligible for getting processed by all BeanPostProcessors (for example: not eligible for auto-proxying)
2020-01-09 23:18:23.695  INFO 21130 --- [           main] trationDelegate$BeanPostProcessorChecker : Bean 'relaxedDubboConfigBinder' of type [org.apache.dubbo.spring.boot.autoconfigure.BinderDubboConfigBinder] is not eligible for getting processed by all BeanPostProcessors (for example: not eligible for auto-proxying)
2020-01-09 23:18:23.697  INFO 21130 --- [           main] trationDelegate$BeanPostProcessorChecker : Bean 'relaxedDubboConfigBinder' of type [org.apache.dubbo.spring.boot.autoconfigure.BinderDubboConfigBinder] is not eligible for getting processed by all BeanPostProcessors (for example: not eligible for auto-proxying)
2020-01-09 23:18:23.700  INFO 21130 --- [           main] trationDelegate$BeanPostProcessorChecker : Bean 'relaxedDubboConfigBinder' of type [org.apache.dubbo.spring.boot.autoconfigure.BinderDubboConfigBinder] is not eligible for getting processed by all BeanPostProcessors (for example: not eligible for auto-proxying)
2020-01-09 23:18:23.702  INFO 21130 --- [           main] trationDelegate$BeanPostProcessorChecker : Bean 'relaxedDubboConfigBinder' of type [org.apache.dubbo.spring.boot.autoconfigure.BinderDubboConfigBinder] is not eligible for getting processed by all BeanPostProcessors (for example: not eligible for auto-proxying)
2020-01-09 23:18:23.934  INFO 21130 --- [           main] o.s.b.w.embedded.tomcat.TomcatWebServer  : Tomcat initialized with port(s): 9098 (http)
2020-01-09 23:18:23.955  INFO 21130 --- [           main] o.apache.catalina.core.StandardService   : Starting service [Tomcat]
2020-01-09 23:18:23.955  INFO 21130 --- [           main] org.apache.catalina.core.StandardEngine  : Starting Servlet engine: [Apache Tomcat/9.0.22]
2020-01-09 23:18:24.023  INFO 21130 --- [           main] o.a.c.c.C.[Tomcat].[localhost].[/]       : Initializing Spring embedded WebApplicationContext
2020-01-09 23:18:24.024  INFO 21130 --- [           main] o.s.web.context.ContextLoader            : Root WebApplicationContext: initialization completed in 1392 ms
2020-01-09 23:18:24.274  INFO 21130 --- [           main] c.h.c.c.config.RedisCacheConfiguration   : JedisPool??????????????????
2020-01-09 23:18:24.279  INFO 21130 --- [           main] c.h.c.c.config.RedisCacheConfiguration   : redis?????????47.105.72.216:6379
2020-01-09 23:18:24.882  INFO 21130 --- [           main] pertySourcedRequestMappingHandlerMapping : Mapped URL path [/v2/api-docs] onto method [public org.springframework.http.ResponseEntity<springfox.documentation.spring.web.json.Json> springfox.documentation.swagger2.web.Swagger2Controller.getDocumentation(java.lang.String,javax.servlet.http.HttpServletRequest)]
2020-01-09 23:18:25.027  INFO 21130 --- [           main] o.s.s.concurrent.ThreadPoolTaskExecutor  : Initializing ExecutorService 'applicationTaskExecutor'
2020-01-09 23:18:25.115  INFO 21130 --- [           main] .f.a.DubboConfigBindingBeanPostProcessor : The properties of bean [name : org.apache.dubbo.config.ApplicationConfig#0] have been binding by prefix of configuration properties : dubbo.application
2020-01-09 23:18:25.120  INFO 21130 --- [           main] .f.a.DubboConfigBindingBeanPostProcessor : The properties of bean [name : dubboProductServer] have been binding by prefix of configuration properties : dubbo.registry
2020-01-09 23:18:25.125  INFO 21130 --- [           main] .f.a.DubboConfigBindingBeanPostProcessor : The properties of bean [name : dubbo] have been binding by prefix of configuration properties : dubbo.protocol
2020-01-09 23:18:25.138  INFO 21130 --- [           main] .f.a.DubboConfigBindingBeanPostProcessor : The properties of bean [name : org.apache.dubbo.config.ProviderConfig#0] have been binding by prefix of configuration properties : dubbo.provider
2020-01-09 23:18:25.142  INFO 21130 --- [           main] .f.a.DubboConfigBindingBeanPostProcessor : The properties of bean [name : org.apache.dubbo.config.MetadataReportConfig#0] have been binding by prefix of configuration properties : dubbo.metadata-report
2020-01-09 23:18:25.527  INFO 21130 --- [           main] d.s.w.p.DocumentationPluginsBootstrapper : Context refreshed
2020-01-09 23:18:25.584  INFO 21130 --- [           main] d.s.w.p.DocumentationPluginsBootstrapper : Found 1 custom documentation plugin(s)
2020-01-09 23:18:25.610  INFO 21130 --- [           main] s.d.s.w.s.ApiListingReferenceScanner     : Scanning for api listing references
2020-01-09 23:18:25.722  WARN 21130 --- [           main] s.d.s.w.r.p.ParameterDataTypeReader      : Trying to infer dataType java.lang.Integer[]
2020-01-09 23:18:25.767  INFO 21130 --- [           main] o.s.b.w.embedded.tomcat.TomcatWebServer  : Tomcat started on port(s): 9098 (http) with context path ''
2020-01-09 23:18:25.771  INFO 21130 --- [           main] com.hanfu.cart.center.Application        : Started Application in 3.603 seconds (JVM running for 3.9)
[INFO] ------------------------------------------------------------------------
[INFO] BUILD FAILURE
[INFO] ------------------------------------------------------------------------
[INFO] Total time:  1 d 00:56 h
[INFO] Finished at: 2020-01-11T00:15:14+08:00
[INFO] ------------------------------------------------------------------------
[ERROR] Failed to execute goal org.springframework.boot:spring-boot-maven-plugin:2.2.2.RELEASE:run (default-cli) on project hanfu-cart-center: Application finished with exit code: 137 -> [Help 1]
[ERROR] 
[ERROR] To see the full stack trace of the errors, re-run Maven with the -e switch.
[ERROR] Re-run Maven using the -X switch to enable full debug logging.
[ERROR] 
[ERROR] For more information about the errors and possible solutions, please read the following articles:
[ERROR] [Help 1] http://cwiki.apache.org/confluence/display/MAVEN/MojoExecutionException
[INFO] Scanning for projects...
[WARNING] 
[WARNING] Some problems were encountered while building the effective model for com.hanfu.base:hanfu-cart-center:jar:0.0.1-SNAPSHOT
[WARNING] 'dependencies.dependency.(groupId:artifactId:type:classifier)' must be unique: org.mybatis.spring.boot:mybatis-spring-boot-starter:jar -> duplicate declaration of version 2.1.0 @ line 130, column 21
[WARNING] 'build.plugins.plugin.(groupId:artifactId)' must be unique but found duplicate declaration of plugin org.springframework.boot:spring-boot-maven-plugin @ line 50, column 21
[WARNING] 'build.plugins.plugin.version' for org.springframework.boot:spring-boot-maven-plugin is missing. @ line 50, column 21
[WARNING] 
[WARNING] It is highly recommended to fix these problems because they threaten the stability of your build.
[WARNING] 
[WARNING] For this reason, future Maven versions might no longer support building such malformed projects.
[WARNING] 
[INFO] 
[INFO] ------------------< com.hanfu.base:hanfu-cart-center >------------------
[INFO] Building hanfu-cart-center 0.0.1-SNAPSHOT
[INFO] --------------------------------[ jar ]---------------------------------
[INFO] 
[INFO] >>> spring-boot-maven-plugin:2.2.2.RELEASE:run (default-cli) > test-compile @ hanfu-cart-center >>>
[INFO] 
[INFO] --- spring-boot-maven-plugin:2.2.2.RELEASE:build-info (default) @ hanfu-cart-center ---
[INFO] 
[INFO] --- maven-resources-plugin:2.6:resources (default-resources) @ hanfu-cart-center ---
[WARNING] Using platform encoding (ANSI_X3.4-1968 actually) to copy filtered resources, i.e. build is platform dependent!
[INFO] Copying 3 resources
[INFO] 
[INFO] --- maven-compiler-plugin:3.1:compile (default-compile) @ hanfu-cart-center ---
[INFO] Nothing to compile - all classes are up to date
[INFO] 
[INFO] --- maven-resources-plugin:2.6:testResources (default-testResources) @ hanfu-cart-center ---
[WARNING] Using platform encoding (ANSI_X3.4-1968 actually) to copy filtered resources, i.e. build is platform dependent!
[INFO] skip non existing resourceDirectory /home/hanfu/project/hanfu/hanfu-cart-center/src/test/resources
[INFO] 
[INFO] --- maven-compiler-plugin:3.1:testCompile (default-testCompile) @ hanfu-cart-center ---
[INFO] No sources to compile
[INFO] 
[INFO] <<< spring-boot-maven-plugin:2.2.2.RELEASE:run (default-cli) < test-compile @ hanfu-cart-center <<<
[INFO] 
[INFO] 
[INFO] --- spring-boot-maven-plugin:2.2.2.RELEASE:run (default-cli) @ hanfu-cart-center ---
[INFO] Attaching agents: []
SLF4J: Class path contains multiple SLF4J bindings.
SLF4J: Found binding in [jar:file:/home/hanfu/.m2/repository/ch/qos/logback/logback-classic/1.2.3/logback-classic-1.2.3.jar!/org/slf4j/impl/StaticLoggerBinder.class]
SLF4J: Found binding in [jar:file:/home/hanfu/.m2/repository/org/apache/logging/log4j/log4j-slf4j-impl/2.11.2/log4j-slf4j-impl-2.11.2.jar!/org/slf4j/impl/StaticLoggerBinder.class]
SLF4J: See http://www.slf4j.org/codes.html#multiple_bindings for an explanation.
SLF4J: Actual binding is of type [ch.qos.logback.classic.util.ContextSelectorStaticBinder]
log4j:WARN No appenders could be found for logger (org.apache.dubbo.common.logger.LoggerFactory).
log4j:WARN Please initialize the log4j system properly.
log4j:WARN See http://logging.apache.org/log4j/1.2/faq.html#noconfig for more info.
2020-01-11 00:19:31.551  INFO 26298 --- [           main] d.s.b.c.e.WelcomeLogoApplicationListener : 

 :: Dubbo Spring Boot (v2.7.3) : https://github.com/apache/dubbo-spring-boot-project
 :: Dubbo (v2.7.3) : https://github.com/apache/incubator-dubbo
 :: Discuss group : dev@dubbo.apache.org

2020-01-11 00:19:31.559  INFO 26298 --- [           main] e.OverrideDubboConfigApplicationListener : Dubbo Config was overridden by externalized configuration {dubbo.application.name=hanfu-product-center, dubbo.application.qos-enable=false, dubbo.config.multiple=true, dubbo.metadata-report.address=zookeeper://47.105.72.216:2181, dubbo.protocol.id=dubbo, dubbo.protocol.name=dubbo, dubbo.protocol.port=1901, dubbo.provider.server=netty4, dubbo.registry.address=47.105.72.216:2181, dubbo.registry.client=curator, dubbo.registry.id=dubboProductServer, dubbo.registry.protocol=zookeeper}

  .   ____          _            __ _ _
 /\\ / ___'_ __ _ _(_)_ __  __ _ \ \ \ \
( ( )\___ | '_ | '_| | '_ \/ _` | \ \ \ \
 \\/  ___)| |_)| | | | | || (_| |  ) ) ) )
  '  |____| .__|_| |_|_| |_\__, | / / / /
 =========|_|==============|___/=/_/_/_/
 :: Spring Boot ::        (v2.1.7.RELEASE)

2020-01-11 00:19:31.667  INFO 26298 --- [           main] com.hanfu.cart.center.Application        : Starting Application on iZ8vb5lq7zcx56jn12h1ufZ with PID 26298 (/home/hanfu/project/hanfu/hanfu-cart-center/target/classes started by hanfu in /home/hanfu/project/hanfu/hanfu-cart-center)
2020-01-11 00:19:31.668  INFO 26298 --- [           main] com.hanfu.cart.center.Application        : No active profile set, falling back to default profiles: default
2020-01-11 00:19:32.394  INFO 26298 --- [           main] .a.d.c.s.c.a.DubboConfigBindingRegistrar : The dubbo config bean definition [name : org.apache.dubbo.config.ApplicationConfig#0, class : org.apache.dubbo.config.ApplicationConfig] has been registered.
2020-01-11 00:19:32.395  INFO 26298 --- [           main] .a.d.c.s.c.a.DubboConfigBindingRegistrar : The BeanPostProcessor bean definition [org.apache.dubbo.config.spring.beans.factory.annotation.DubboConfigBindingBeanPostProcessor] for dubbo config bean [name : org.apache.dubbo.config.ApplicationConfig#0] has been registered.
2020-01-11 00:19:32.395  INFO 26298 --- [           main] .a.d.c.s.c.a.DubboConfigBindingRegistrar : The dubbo config bean definition [name : dubboProductServer, class : org.apache.dubbo.config.RegistryConfig] has been registered.
2020-01-11 00:19:32.395  INFO 26298 --- [           main] .a.d.c.s.c.a.DubboConfigBindingRegistrar : The BeanPostProcessor bean definition [org.apache.dubbo.config.spring.beans.factory.annotation.DubboConfigBindingBeanPostProcessor] for dubbo config bean [name : dubboProductServer] has been registered.
2020-01-11 00:19:32.395  INFO 26298 --- [           main] .a.d.c.s.c.a.DubboConfigBindingRegistrar : The dubbo config bean definition [name : dubbo, class : org.apache.dubbo.config.ProtocolConfig] has been registered.
2020-01-11 00:19:32.395  INFO 26298 --- [           main] .a.d.c.s.c.a.DubboConfigBindingRegistrar : The BeanPostProcessor bean definition [org.apache.dubbo.config.spring.beans.factory.annotation.DubboConfigBindingBeanPostProcessor] for dubbo config bean [name : dubbo] has been registered.
2020-01-11 00:19:32.395  INFO 26298 --- [           main] .a.d.c.s.c.a.DubboConfigBindingRegistrar : The dubbo config bean definition [name : org.apache.dubbo.config.ProviderConfig#0, class : org.apache.dubbo.config.ProviderConfig] has been registered.
2020-01-11 00:19:32.396  INFO 26298 --- [           main] .a.d.c.s.c.a.DubboConfigBindingRegistrar : The BeanPostProcessor bean definition [org.apache.dubbo.config.spring.beans.factory.annotation.DubboConfigBindingBeanPostProcessor] for dubbo config bean [name : org.apache.dubbo.config.ProviderConfig#0] has been registered.
2020-01-11 00:19:32.396  INFO 26298 --- [           main] .a.d.c.s.c.a.DubboConfigBindingRegistrar : The dubbo config bean definition [name : org.apache.dubbo.config.MetadataReportConfig#0, class : org.apache.dubbo.config.MetadataReportConfig] has been registered.
2020-01-11 00:19:32.396  INFO 26298 --- [           main] .a.d.c.s.c.a.DubboConfigBindingRegistrar : The BeanPostProcessor bean definition [org.apache.dubbo.config.spring.beans.factory.annotation.DubboConfigBindingBeanPostProcessor] for dubbo config bean [name : org.apache.dubbo.config.MetadataReportConfig#0] has been registered.
2020-01-11 00:19:32.434  INFO 26298 --- [           main] .s.d.r.c.RepositoryConfigurationDelegate : Multiple Spring Data modules found, entering strict repository configuration mode!
2020-01-11 00:19:32.436  INFO 26298 --- [           main] .s.d.r.c.RepositoryConfigurationDelegate : Bootstrapping Spring Data repositories in DEFAULT mode.
2020-01-11 00:19:32.457  INFO 26298 --- [           main] .s.d.r.c.RepositoryConfigurationDelegate : Finished Spring Data repository scanning in 13ms. Found 0 repository interfaces.
2020-01-11 00:19:32.541  WARN 26298 --- [           main] o.m.s.mapper.ClassPathMapperScanner      : No MyBatis mapper was found in '[com.hanfu.cart.center.dao]' package. Please check your configuration.
2020-01-11 00:19:32.732  INFO 26298 --- [           main] trationDelegate$BeanPostProcessorChecker : Bean 'org.springframework.transaction.annotation.ProxyTransactionManagementConfiguration' of type [org.springframework.transaction.annotation.ProxyTransactionManagementConfiguration$$EnhancerBySpringCGLIB$$9df4c642] is not eligible for getting processed by all BeanPostProcessors (for example: not eligible for auto-proxying)
2020-01-11 00:19:32.768  INFO 26298 --- [           main] trationDelegate$BeanPostProcessorChecker : Bean 'org.apache.dubbo.spring.boot.autoconfigure.DubboRelaxedBinding2AutoConfiguration' of type [org.apache.dubbo.spring.boot.autoconfigure.DubboRelaxedBinding2AutoConfiguration$$EnhancerBySpringCGLIB$$5ca31478] is not eligible for getting processed by all BeanPostProcessors (for example: not eligible for auto-proxying)
2020-01-11 00:19:32.774  INFO 26298 --- [           main] trationDelegate$BeanPostProcessorChecker : Bean 'relaxedDubboConfigBinder' of type [org.apache.dubbo.spring.boot.autoconfigure.BinderDubboConfigBinder] is not eligible for getting processed by all BeanPostProcessors (for example: not eligible for auto-proxying)
2020-01-11 00:19:32.779  INFO 26298 --- [           main] trationDelegate$BeanPostProcessorChecker : Bean 'relaxedDubboConfigBinder' of type [org.apache.dubbo.spring.boot.autoconfigure.BinderDubboConfigBinder] is not eligible for getting processed by all BeanPostProcessors (for example: not eligible for auto-proxying)
2020-01-11 00:19:32.781  INFO 26298 --- [           main] trationDelegate$BeanPostProcessorChecker : Bean 'relaxedDubboConfigBinder' of type [org.apache.dubbo.spring.boot.autoconfigure.BinderDubboConfigBinder] is not eligible for getting processed by all BeanPostProcessors (for example: not eligible for auto-proxying)
2020-01-11 00:19:32.784  INFO 26298 --- [           main] trationDelegate$BeanPostProcessorChecker : Bean 'relaxedDubboConfigBinder' of type [org.apache.dubbo.spring.boot.autoconfigure.BinderDubboConfigBinder] is not eligible for getting processed by all BeanPostProcessors (for example: not eligible for auto-proxying)
2020-01-11 00:19:32.787  INFO 26298 --- [           main] trationDelegate$BeanPostProcessorChecker : Bean 'relaxedDubboConfigBinder' of type [org.apache.dubbo.spring.boot.autoconfigure.BinderDubboConfigBinder] is not eligible for getting processed by all BeanPostProcessors (for example: not eligible for auto-proxying)
2020-01-11 00:19:33.046  INFO 26298 --- [           main] o.s.b.w.embedded.tomcat.TomcatWebServer  : Tomcat initialized with port(s): 9098 (http)
2020-01-11 00:19:33.074  INFO 26298 --- [           main] o.apache.catalina.core.StandardService   : Starting service [Tomcat]
2020-01-11 00:19:33.075  INFO 26298 --- [           main] org.apache.catalina.core.StandardEngine  : Starting Servlet engine: [Apache Tomcat/9.0.22]
2020-01-11 00:19:33.154  INFO 26298 --- [           main] o.a.c.c.C.[Tomcat].[localhost].[/]       : Initializing Spring embedded WebApplicationContext
2020-01-11 00:19:33.155  INFO 26298 --- [           main] o.s.web.context.ContextLoader            : Root WebApplicationContext: initialization completed in 1438 ms
2020-01-11 00:19:33.395  INFO 26298 --- [           main] c.h.c.c.config.RedisCacheConfiguration   : JedisPool??????????????????
2020-01-11 00:19:33.401  INFO 26298 --- [           main] c.h.c.c.config.RedisCacheConfiguration   : redis?????????47.105.72.216:6379
2020-01-11 00:19:33.973  INFO 26298 --- [           main] pertySourcedRequestMappingHandlerMapping : Mapped URL path [/v2/api-docs] onto method [public org.springframework.http.ResponseEntity<springfox.documentation.spring.web.json.Json> springfox.documentation.swagger2.web.Swagger2Controller.getDocumentation(java.lang.String,javax.servlet.http.HttpServletRequest)]
2020-01-11 00:19:34.120  INFO 26298 --- [           main] o.s.s.concurrent.ThreadPoolTaskExecutor  : Initializing ExecutorService 'applicationTaskExecutor'
2020-01-11 00:19:34.213  INFO 26298 --- [           main] .f.a.DubboConfigBindingBeanPostProcessor : The properties of bean [name : org.apache.dubbo.config.ApplicationConfig#0] have been binding by prefix of configuration properties : dubbo.application
2020-01-11 00:19:34.218  INFO 26298 --- [           main] .f.a.DubboConfigBindingBeanPostProcessor : The properties of bean [name : dubboProductServer] have been binding by prefix of configuration properties : dubbo.registry
2020-01-11 00:19:34.224  INFO 26298 --- [           main] .f.a.DubboConfigBindingBeanPostProcessor : The properties of bean [name : dubbo] have been binding by prefix of configuration properties : dubbo.protocol
2020-01-11 00:19:34.236  INFO 26298 --- [           main] .f.a.DubboConfigBindingBeanPostProcessor : The properties of bean [name : org.apache.dubbo.config.ProviderConfig#0] have been binding by prefix of configuration properties : dubbo.provider
2020-01-11 00:19:34.241  INFO 26298 --- [           main] .f.a.DubboConfigBindingBeanPostProcessor : The properties of bean [name : org.apache.dubbo.config.MetadataReportConfig#0] have been binding by prefix of configuration properties : dubbo.metadata-report
2020-01-11 00:19:34.670  INFO 26298 --- [           main] d.s.w.p.DocumentationPluginsBootstrapper : Context refreshed
2020-01-11 00:19:34.681  INFO 26298 --- [           main] d.s.w.p.DocumentationPluginsBootstrapper : Found 1 custom documentation plugin(s)
2020-01-11 00:19:34.703  INFO 26298 --- [           main] s.d.s.w.s.ApiListingReferenceScanner     : Scanning for api listing references
2020-01-11 00:19:34.799  WARN 26298 --- [           main] s.d.s.w.r.p.ParameterDataTypeReader      : Trying to infer dataType com.alibaba.fastjson.JSONObject
2020-01-11 00:19:34.811  WARN 26298 --- [           main] s.d.s.w.r.p.ParameterDataTypeReader      : Trying to infer dataType java.lang.Integer[]
2020-01-11 00:19:34.859  INFO 26298 --- [           main] o.s.b.w.embedded.tomcat.TomcatWebServer  : Tomcat started on port(s): 9098 (http) with context path ''
2020-01-11 00:19:34.863  INFO 26298 --- [           main] com.hanfu.cart.center.Application        : Started Application in 3.63 seconds (JVM running for 3.993)
[INFO] ------------------------------------------------------------------------
[INFO] BUILD FAILURE
[INFO] ------------------------------------------------------------------------
[INFO] Total time:  3 d 03:01 h
[INFO] Finished at: 2020-01-14T03:21:03+08:00
[INFO] ------------------------------------------------------------------------
[ERROR] Failed to execute goal org.springframework.boot:spring-boot-maven-plugin:2.2.2.RELEASE:run (default-cli) on project hanfu-cart-center: Application finished with exit code: 137 -> [Help 1]
[ERROR] 
[ERROR] To see the full stack trace of the errors, re-run Maven with the -e switch.
[ERROR] Re-run Maven using the -X switch to enable full debug logging.
[ERROR] 
[ERROR] For more information about the errors and possible solutions, please read the following articles:
[ERROR] [Help 1] http://cwiki.apache.org/confluence/display/MAVEN/MojoExecutionException
